/falconshare/FalconBot
Current servers:
Lil Nib Worshippers
ControlEngineering
Family
Spambox
BotNation
Logged in as FalconBot
Current servers:
Lil Nib Worshippers
ControlEngineering
Family
Spambox
BotNation
Current servers:
Lil Nib Worshippers
ControlEngineering
Family
Spambox
BotNation
Current servers:
Lil Nib Worshippers
ControlEngineering
Family
Spambox
BotNation
Current servers:
Lil Nib Worshippers
ControlEngineering
Family
Spambox
BotNation
Current servers:
Lil Nib Worshippers
ControlEngineering
Family
Spambox
BotNation
Current servers:
Lil Nib Worshippers
ControlEngineering
Family
Spambox
BotNation
Current servers:
Lil Nib Worshippers
ControlEngineering
Family
Spambox
BotNation
Current servers:
Lil Nib Worshippers
ControlEngineering
Family
Spambox
BotNation
Current servers:
Lil Nib Worshippers
ControlEngineering
Family
Spambox
BotNation
Current servers:
Lil Nib Worshippers
ControlEngineering
Family
Spambox
BotNation
Current servers:
Lil Nib Worshippers
ControlEngineering
Family
Spambox
BotNation
Current servers:
Lil Nib Worshippers
ControlEngineering
Family
Spambox
BotNation
Current servers:
Lil Nib Worshippers
ControlEngineering
Family
Spambox
BotNation
Current servers:
Lil Nib Worshippers
ControlEngineering
Family
Spambox
BotNation
Current servers:
Lil Nib Worshippers
ControlEngineering
Family
Spambox
BotNation
Current servers:
Lil Nib Worshippers
ControlEngineering
Family
Spambox
BotNation
Current servers:
Lil Nib Worshippers
ControlEngineering
Family
Spambox
BotNation
Current servers:
Lil Nib Worshippers
ControlEngineering
Family
Spambox
BotNation
Current servers:
Lil Nib Worshippers
ControlEngineering
Family
Spambox
BotNation
Current servers:
Lil Nib Worshippers
ControlEngineering
Family
Spambox
BotNation
Current servers:
Lil Nib Worshippers
ControlEngineering
Family
Spambox
BotNation
Current servers:
Lil Nib Worshippers
ControlEngineering
Family
Spambox
BotNation
Current servers:
Lil Nib Worshippers
ControlEngineering
Family
Spambox
BotNation
Current servers:
Lil Nib Worshippers
ControlEngineering
Family
Spambox
BotNation
Current servers:
Lil Nib Worshippers
ControlEngineering
Family
Spambox
BotNation
Current servers:
Lil Nib Worshippers
ControlEngineering
Family
Spambox
BotNation
Current servers:
Lil Nib Worshippers
ControlEngineering
Family
Spambox
BotNation
Current servers:
Lil Nib Worshippers
ControlEngineering
Family
Spambox
BotNation
Current servers:
Lil Nib Worshippers
ControlEngineering
Family
Spambox
BotNation
Current servers:
Lil Nib Worshippers
ControlEngineering
Family
Spambox
BotNation
Current servers:
Lil Nib Worshippers
ControlEngineering
Family
Spambox
BotNation
Current servers:
Lil Nib Worshippers
ControlEngineering
Family
Spambox
BotNation
Current servers:
Lil Nib Worshippers
ControlEngineering
Family
Spambox
BotNation
Current servers:
Lil Nib Worshippers
ControlEngineering
Family
Spambox
BotNation
Current servers:
Lil Nib Worshippers
ControlEngineering
Family
Spambox
BotNation
Current servers:
Lil Nib Worshippers
ControlEngineering
Family
Spambox
BotNation
Current servers:
Lil Nib Worshippers
ControlEngineering
Family
Spambox
BotNation
Current servers:
Lil Nib Worshippers
ControlEngineering
Family
Spambox
BotNation
Current servers:
Lil Nib Worshippers
ControlEngineering
Family
Spambox
BotNation
Current servers:
Lil Nib Worshippers
ControlEngineering
Family
Spambox
BotNation
Current servers:
Lil Nib Worshippers
ControlEngineering
Family
Spambox
BotNation
Current servers:
Lil Nib Worshippers
ControlEngineering
Family
Spambox
BotNation
Current servers:
Lil Nib Worshippers
ControlEngineering
Family
Spambox
BotNation
Current servers:
Lil Nib Worshippers
ControlEngineering
Family
Spambox
BotNation
Current servers:
Lil Nib Worshippers
ControlEngineering
Family
Spambox
BotNation
Current servers:
Lil Nib Worshippers
ControlEngineering
Family
Spambox
BotNation
Current servers:
Lil Nib Worshippers
ControlEngineering
Family
Spambox
BotNation
Current servers:
Lil Nib Worshippers
ControlEngineering
Family
Spambox
BotNation
Current servers:
Lil Nib Worshippers
ControlEngineering
Family
Spambox
BotNation
Current servers:
Lil Nib Worshippers
ControlEngineering
Family
Spambox
BotNation
Current servers:
Lil Nib Worshippers
ControlEngineering
Family
Spambox
BotNation
Current servers:
Lil Nib Worshippers
ControlEngineering
Family
Spambox
BotNation
Current servers:
Lil Nib Worshippers
ControlEngineering
Family
Spambox
BotNation
Current servers:
Lil Nib Worshippers
ControlEngineering
Family
Spambox
BotNation
Current servers:
Lil Nib Worshippers
ControlEngineering
Family
Spambox
BotNation
Current servers:
Lil Nib Worshippers
ControlEngineering
Family
Spambox
BotNation
Current servers:
Lil Nib Worshippers
ControlEngineering
Family
Spambox
BotNation
Current servers:
Lil Nib Worshippers
ControlEngineering
Family
Spambox
BotNation
Current servers:
Lil Nib Worshippers
ControlEngineering
Family
Spambox
BotNation
Current servers:
Lil Nib Worshippers
ControlEngineering
Family
Spambox
BotNation
Current servers:
Lil Nib Worshippers
ControlEngineering
Family
Spambox
BotNation
Current servers:
Lil Nib Worshippers
ControlEngineering
Family
Spambox
BotNation
Current servers:
Lil Nib Worshippers
ControlEngineering
Family
Spambox
BotNation
Current servers:
Lil Nib Worshippers
ControlEngineering
Family
Spambox
BotNation
Current servers:
Lil Nib Worshippers
ControlEngineering
Family
Spambox
BotNation
Current servers:
Lil Nib Worshippers
ControlEngineering
Family
Spambox
BotNation
Current servers:
Lil Nib Worshippers
ControlEngineering
Family
Spambox
BotNation
Current servers:
Lil Nib Worshippers
ControlEngineering
Family
Spambox
BotNation
Current servers:
Lil Nib Worshippers
ControlEngineering
Family
Spambox
BotNation
Current servers:
Lil Nib Worshippers
ControlEngineering
Family
Spambox
BotNation
Current servers:
Lil Nib Worshippers
ControlEngineering
Family
Spambox
BotNation
Current servers:
Lil Nib Worshippers
ControlEngineering
Family
Spambox
BotNation
Current servers:
Lil Nib Worshippers
ControlEngineering
Family
Spambox
BotNation
Current servers:
Lil Nib Worshippers
ControlEngineering
Family
Spambox
BotNation
Current servers:
Lil Nib Worshippers
ControlEngineering
Family
Spambox
BotNation
Current servers:
Lil Nib Worshippers
ControlEngineering
Family
Spambox
BotNation
Current servers:
Lil Nib Worshippers
ControlEngineering
Family
Spambox
BotNation
Current servers:
Lil Nib Worshippers
ControlEngineering
Family
Spambox
BotNation
Current servers:
Lil Nib Worshippers
ControlEngineering
Family
Spambox
BotNation
Current servers:
Lil Nib Worshippers
ControlEngineering
Family
Spambox
BotNation
Current servers:
Lil Nib Worshippers
ControlEngineering
Family
Spambox
BotNation
Current servers:
Lil Nib Worshippers
ControlEngineering
Family
Spambox
BotNation
Current servers:
Lil Nib Worshippers
ControlEngineering
Family
Spambox
BotNation
Current servers:
Lil Nib Worshippers
ControlEngineering
Family
Spambox
BotNation
Current servers:
Lil Nib Worshippers
ControlEngineering
Family
Spambox
BotNation
Current servers:
Lil Nib Worshippers
ControlEngineering
Family
Spambox
BotNation
Current servers:
Lil Nib Worshippers
ControlEngineering
Family
Spambox
BotNation
Current servers:
Lil Nib Worshippers
ControlEngineering
Family
Spambox
BotNation
Current servers:
Lil Nib Worshippers
ControlEngineering
Family
Spambox
BotNation
Current servers:
Lil Nib Worshippers
ControlEngineering
Family
Spambox
BotNation
Current servers:
Lil Nib Worshippers
ControlEngineering
Family
Spambox
BotNation
Current servers:
Lil Nib Worshippers
ControlEngineering
Family
Spambox
BotNation
Current servers:
Lil Nib Worshippers
ControlEngineering
Family
Spambox
BotNation
Current servers:
Lil Nib Worshippers
ControlEngineering
Family
Spambox
BotNation
Current servers:
Lil Nib Worshippers
ControlEngineering
Family
Spambox
BotNation
Current servers:
Lil Nib Worshippers
ControlEngineering
Family
Spambox
BotNation
Current servers:
Lil Nib Worshippers
ControlEngineering
Family
Spambox
BotNation
Current servers:
Lil Nib Worshippers
ControlEngineering
Family
Spambox
BotNation
Current servers:
Lil Nib Worshippers
ControlEngineering
Family
Spambox
BotNation
Current servers:
Lil Nib Worshippers
ControlEngineering
Family
Spambox
BotNation
Current servers:
Lil Nib Worshippers
ControlEngineering
Family
Spambox
BotNation
Current servers:
Lil Nib Worshippers
ControlEngineering
Family
Spambox
BotNation
Current servers:
Lil Nib Worshippers
ControlEngineering
Family
Spambox
BotNation
Current servers:
Lil Nib Worshippers
ControlEngineering
Family
Spambox
BotNation
Current servers:
Lil Nib Worshippers
ControlEngineering
Family
Spambox
BotNation
Current servers:
Lil Nib Worshippers
ControlEngineering
Family
Spambox
BotNation
Current servers:
Lil Nib Worshippers
ControlEngineering
Family
Spambox
BotNation
Current servers:
Lil Nib Worshippers
ControlEngineering
Family
Spambox
BotNation
Current servers:
Lil Nib Worshippers
ControlEngineering
Family
Spambox
BotNation
Current servers:
Lil Nib Worshippers
ControlEngineering
Family
Spambox
BotNation
Current servers:
Lil Nib Worshippers
ControlEngineering
Family
Spambox
BotNation
Current servers:
Lil Nib Worshippers
ControlEngineering
Family
Spambox
BotNation
Current servers:
Lil Nib Worshippers
ControlEngineering
Family
Spambox
BotNation
Current servers:
Lil Nib Worshippers
ControlEngineering
Family
Spambox
BotNation
Current servers:
Lil Nib Worshippers
ControlEngineering
Family
Spambox
BotNation
Current servers:
Lil Nib Worshippers
ControlEngineering
Family
Spambox
BotNation
Current servers:
Lil Nib Worshippers
ControlEngineering
Family
Spambox
BotNation
Current servers:
Lil Nib Worshippers
ControlEngineering
Family
Spambox
BotNation
Current servers:
Lil Nib Worshippers
ControlEngineering
Family
Spambox
BotNation
Current servers:
Lil Nib Worshippers
ControlEngineering
Family
Spambox
BotNation
Current servers:
Lil Nib Worshippers
ControlEngineering
Family
Spambox
BotNation
Current servers:
Lil Nib Worshippers
ControlEngineering
Family
Spambox
BotNation
Current servers:
Lil Nib Worshippers
ControlEngineering
Family
Spambox
BotNation
Current servers:
Lil Nib Worshippers
ControlEngineering
Family
Spambox
BotNation
Current servers:
Lil Nib Worshippers
ControlEngineering
Family
Spambox
BotNation
Current servers:
Lil Nib Worshippers
ControlEngineering
Family
Spambox
BotNation
Current servers:
Lil Nib Worshippers
ControlEngineering
Family
Spambox
BotNation
Current servers:
Lil Nib Worshippers
ControlEngineering
Family
Spambox
BotNation
Current servers:
Lil Nib Worshippers
ControlEngineering
Family
Spambox
BotNation
Current servers:
Lil Nib Worshippers
ControlEngineering
Family
Spambox
BotNation
Current servers:
Lil Nib Worshippers
ControlEngineering
Family
Spambox
BotNation
Current servers:
Lil Nib Worshippers
ControlEngineering
Family
Spambox
BotNation
Current servers:
Lil Nib Worshippers
ControlEngineering
Family
Spambox
BotNation
Current servers:
Lil Nib Worshippers
ControlEngineering
Family
Spambox
BotNation
Current servers:
Lil Nib Worshippers
ControlEngineering
Family
Spambox
BotNation
Current servers:
Lil Nib Worshippers
ControlEngineering
Family
Spambox
BotNation
Current servers:
Lil Nib Worshippers
ControlEngineering
Family
Spambox
BotNation
Current servers:
Lil Nib Worshippers
ControlEngineering
Family
Spambox
BotNation
Current servers:
Lil Nib Worshippers
ControlEngineering
Family
Spambox
BotNation
Current servers:
Lil Nib Worshippers
ControlEngineering
Family
Spambox
BotNation
Current servers:
Lil Nib Worshippers
ControlEngineering
Family
Spambox
BotNation
Current servers:
Lil Nib Worshippers
ControlEngineering
Family
Spambox
BotNation
Current servers:
Lil Nib Worshippers
ControlEngineering
Family
Spambox
BotNation
Current servers:
Lil Nib Worshippers
ControlEngineering
Family
Spambox
BotNation
Current servers:
Lil Nib Worshippers
ControlEngineering
Family
Spambox
BotNation
Current servers:
Lil Nib Worshippers
ControlEngineering
Family
Spambox
BotNation
Current servers:
Lil Nib Worshippers
ControlEngineering
Family
Spambox
BotNation
Current servers:
Lil Nib Worshippers
ControlEngineering
Family
Spambox
BotNation
Current servers:
Lil Nib Worshippers
ControlEngineering
Family
Spambox
BotNation
Current servers:
Lil Nib Worshippers
ControlEngineering
Family
Spambox
BotNation
Current servers:
Lil Nib Worshippers
ControlEngineering
Family
Spambox
BotNation
Current servers:
Lil Nib Worshippers
ControlEngineering
Family
Spambox
BotNation
Current servers:
Lil Nib Worshippers
ControlEngineering
Family
Spambox
BotNation
Current servers:
Lil Nib Worshippers
ControlEngineering
Family
Spambox
BotNation
Current servers:
Lil Nib Worshippers
ControlEngineering
Family
Spambox
BotNation
Current servers:
Lil Nib Worshippers
ControlEngineering
Family
Spambox
BotNation
Current servers:
Lil Nib Worshippers
ControlEngineering
Family
Spambox
BotNation
Current servers:
Lil Nib Worshippers
ControlEngineering
Family
Spambox
BotNation
Current servers:
Lil Nib Worshippers
ControlEngineering
Family
Spambox
BotNation
Current servers:
Lil Nib Worshippers
ControlEngineering
Family
Spambox
BotNation
Current servers:
Lil Nib Worshippers
ControlEngineering
Family
Spambox
BotNation
Current servers:
Lil Nib Worshippers
ControlEngineering
Family
Spambox
BotNation
Current servers:
Lil Nib Worshippers
ControlEngineering
Family
Spambox
BotNation
Current servers:
Lil Nib Worshippers
ControlEngineering
Family
Spambox
BotNation
Current servers:
Lil Nib Worshippers
ControlEngineering
Family
Spambox
BotNation
Current servers:
Lil Nib Worshippers
ControlEngineering
Family
Spambox
BotNation
Current servers:
Lil Nib Worshippers
ControlEngineering
Family
Spambox
BotNation
Current servers:
Lil Nib Worshippers
ControlEngineering
Family
Spambox
BotNation
Current servers:
Lil Nib Worshippers
ControlEngineering
Family
Spambox
BotNation
Current servers:
Lil Nib Worshippers
ControlEngineering
Family
Spambox
BotNation
Current servers:
Lil Nib Worshippers
ControlEngineering
Family
Spambox
BotNation
Current servers:
Lil Nib Worshippers
ControlEngineering
Family
Spambox
BotNation
Current servers:
Lil Nib Worshippers
ControlEngineering
Family
Spambox
BotNation
Current servers:
Lil Nib Worshippers
ControlEngineering
Family
Spambox
BotNation
Current servers:
Lil Nib Worshippers
ControlEngineering
Family
Spambox
BotNation
Current servers:
Lil Nib Worshippers
ControlEngineering
Family
Spambox
BotNation
Current servers:
Lil Nib Worshippers
ControlEngineering
Family
Spambox
BotNation
Current servers:
Lil Nib Worshippers
ControlEngineering
Family
Spambox
BotNation
Current servers:
Lil Nib Worshippers
ControlEngineering
Family
Spambox
BotNation
Current servers:
Lil Nib Worshippers
ControlEngineering
Family
Spambox
BotNation
Current servers:
Lil Nib Worshippers
ControlEngineering
Family
Spambox
BotNation
Current servers:
Lil Nib Worshippers
ControlEngineering
Family
Spambox
BotNation
Current servers:
Lil Nib Worshippers
ControlEngineering
Family
Spambox
BotNation
Current servers:
Lil Nib Worshippers
ControlEngineering
Family
Spambox
BotNation
Current servers:
Lil Nib Worshippers
ControlEngineering
Family
Spambox
BotNation
Current servers:
Lil Nib Worshippers
ControlEngineering
Family
Spambox
BotNation
Current servers:
Lil Nib Worshippers
ControlEngineering
Family
Spambox
BotNation
Current servers:
Lil Nib Worshippers
ControlEngineering
Family
Spambox
BotNation
Current servers:
Lil Nib Worshippers
ControlEngineering
Family
Spambox
BotNation
Current servers:
Lil Nib Worshippers
ControlEngineering
Family
Spambox
BotNation
Current servers:
Lil Nib Worshippers
ControlEngineering
Family
Spambox
BotNation
Current servers:
Lil Nib Worshippers
ControlEngineering
Family
Spambox
BotNation
Current servers:
Lil Nib Worshippers
ControlEngineering
Family
Spambox
BotNation
Current servers:
Lil Nib Worshippers
ControlEngineering
Family
Spambox
BotNation
Current servers:
Lil Nib Worshippers
ControlEngineering
Family
Spambox
BotNation
Current servers:
Lil Nib Worshippers
ControlEngineering
Family
Spambox
BotNation
Current servers:
Lil Nib Worshippers
ControlEngineering
Family
Spambox
BotNation
Current servers:
Lil Nib Worshippers
ControlEngineering
Family
Spambox
BotNation
Current servers:
Lil Nib Worshippers
ControlEngineering
Family
Spambox
BotNation
Current servers:
Lil Nib Worshippers
ControlEngineering
Family
Spambox
BotNation
Current servers:
Lil Nib Worshippers
ControlEngineering
Family
Spambox
BotNation
Current servers:
Lil Nib Worshippers
ControlEngineering
Family
Spambox
BotNation
Current servers:
Lil Nib Worshippers
ControlEngineering
Family
Spambox
BotNation
Current servers:
Lil Nib Worshippers
ControlEngineering
Family
Spambox
BotNation
Current servers:
Lil Nib Worshippers
ControlEngineering
Family
Spambox
BotNation
Current servers:
Lil Nib Worshippers
ControlEngineering
Family
Spambox
BotNation
Current servers:
Lil Nib Worshippers
ControlEngineering
Family
Spambox
BotNation
Current servers:
Lil Nib Worshippers
ControlEngineering
Family
Spambox
BotNation
Current servers:
Lil Nib Worshippers
ControlEngineering
Family
Spambox
BotNation
Current servers:
Lil Nib Worshippers
ControlEngineering
Family
Spambox
BotNation
Current servers:
Lil Nib Worshippers
ControlEngineering
Family
Spambox
BotNation
Current servers:
Lil Nib Worshippers
ControlEngineering
Family
Spambox
BotNation
Current servers:
Lil Nib Worshippers
ControlEngineering
Family
Spambox
BotNation
Current servers:
Lil Nib Worshippers
ControlEngineering
Family
Spambox
BotNation
Current servers:
Lil Nib Worshippers
ControlEngineering
Family
Spambox
BotNation
Current servers:
Lil Nib Worshippers
ControlEngineering
Family
Spambox
BotNation
Current servers:
Lil Nib Worshippers
ControlEngineering
Family
Spambox
BotNation
Current servers:
Lil Nib Worshippers
ControlEngineering
Family
Spambox
BotNation
Current servers:
Lil Nib Worshippers
ControlEngineering
Family
Spambox
BotNation
Current servers:
Lil Nib Worshippers
ControlEngineering
Family
Spambox
BotNation
Current servers:
Lil Nib Worshippers
ControlEngineering
Family
Spambox
BotNation
Current servers:
Lil Nib Worshippers
ControlEngineering
Family
Spambox
BotNation
Current servers:
Lil Nib Worshippers
ControlEngineering
Family
Spambox
BotNation
Current servers:
Lil Nib Worshippers
ControlEngineering
Family
Spambox
BotNation
Current servers:
Lil Nib Worshippers
ControlEngineering
Family
Spambox
BotNation
Current servers:
Lil Nib Worshippers
ControlEngineering
Family
Spambox
BotNation
Current servers:
Lil Nib Worshippers
ControlEngineering
Family
Spambox
BotNation
Current servers:
Lil Nib Worshippers
ControlEngineering
Family
Spambox
BotNation
Current servers:
Lil Nib Worshippers
ControlEngineering
Family
Spambox
BotNation
Current servers:
Lil Nib Worshippers
ControlEngineering
Family
Spambox
BotNation
Current servers:
Lil Nib Worshippers
ControlEngineering
Family
Spambox
BotNation
Current servers:
Lil Nib Worshippers
ControlEngineering
Family
Spambox
BotNation
Current servers:
Lil Nib Worshippers
ControlEngineering
Family
Spambox
BotNation
Current servers:
Lil Nib Worshippers
ControlEngineering
Family
Spambox
BotNation
Current servers:
Lil Nib Worshippers
ControlEngineering
Family
Spambox
BotNation
Current servers:
Lil Nib Worshippers
ControlEngineering
Family
Spambox
BotNation
Current servers:
Lil Nib Worshippers
ControlEngineering
Family
Spambox
BotNation
Current servers:
Lil Nib Worshippers
ControlEngineering
Family
Spambox
BotNation
Current servers:
Lil Nib Worshippers
ControlEngineering
Family
Spambox
BotNation
Current servers:
Lil Nib Worshippers
ControlEngineering
Family
Spambox
BotNation
Current servers:
Lil Nib Worshippers
ControlEngineering
Family
Spambox
BotNation
Current servers:
Lil Nib Worshippers
ControlEngineering
Family
Spambox
BotNation
Current servers:
Lil Nib Worshippers
ControlEngineering
Family
Spambox
BotNation
Current servers:
Lil Nib Worshippers
ControlEngineering
Family
Spambox
BotNation
Current servers:
Lil Nib Worshippers
ControlEngineering
Family
Spambox
BotNation
Current servers:
Lil Nib Worshippers
ControlEngineering
Family
Spambox
BotNation
Current servers:
Lil Nib Worshippers
ControlEngineering
Family
Spambox
BotNation
Current servers:
Lil Nib Worshippers
ControlEngineering
Family
Spambox
BotNation
Current servers:
Lil Nib Worshippers
ControlEngineering
Family
Spambox
BotNation
Current servers:
Lil Nib Worshippers
ControlEngineering
Family
Spambox
BotNation
Current servers:
Lil Nib Worshippers
ControlEngineering
Family
Spambox
BotNation
Current servers:
Lil Nib Worshippers
ControlEngineering
Family
Spambox
BotNation
Current servers:
Lil Nib Worshippers
ControlEngineering
Family
Spambox
BotNation
Current servers:
Lil Nib Worshippers
ControlEngineering
Family
Spambox
BotNation
Current servers:
Lil Nib Worshippers
ControlEngineering
Family
Spambox
BotNation
Current servers:
Lil Nib Worshippers
ControlEngineering
Family
Spambox
BotNation
Current servers:
Lil Nib Worshippers
ControlEngineering
Family
Spambox
BotNation
Current servers:
Lil Nib Worshippers
ControlEngineering
Family
Spambox
BotNation
Current servers:
Lil Nib Worshippers
ControlEngineering
Family
Spambox
BotNation
Current servers:
Lil Nib Worshippers
ControlEngineering
Family
Spambox
BotNation
Current servers:
Lil Nib Worshippers
ControlEngineering
Family
Spambox
BotNation
Current servers:
Lil Nib Worshippers
ControlEngineering
Family
Spambox
BotNation
Current servers:
Lil Nib Worshippers
ControlEngineering
Family
Spambox
BotNation
Current servers:
Lil Nib Worshippers
ControlEngineering
Family
Spambox
BotNation
Current servers:
Lil Nib Worshippers
ControlEngineering
Family
Spambox
BotNation
Current servers:
Lil Nib Worshippers
ControlEngineering
Family
Spambox
BotNation
Current servers:
Lil Nib Worshippers
ControlEngineering
Family
Spambox
BotNation
Current servers:
Lil Nib Worshippers
ControlEngineering
Family
Spambox
BotNation
Current servers:
Lil Nib Worshippers
ControlEngineering
Family
Spambox
BotNation
Current servers:
Lil Nib Worshippers
ControlEngineering
Family
Spambox
BotNation
Current servers:
Lil Nib Worshippers
ControlEngineering
Family
Spambox
BotNation
Current servers:
Lil Nib Worshippers
ControlEngineering
Family
Spambox
BotNation
Current servers:
Lil Nib Worshippers
ControlEngineering
Family
Spambox
BotNation
Current servers:
Lil Nib Worshippers
ControlEngineering
Family
Spambox
BotNation
Current servers:
Lil Nib Worshippers
ControlEngineering
Family
Spambox
BotNation
Current servers:
Lil Nib Worshippers
ControlEngineering
Family
Spambox
BotNation
Current servers:
Lil Nib Worshippers
ControlEngineering
Family
Spambox
BotNation
Current servers:
Lil Nib Worshippers
ControlEngineering
Family
Spambox
BotNation
Current servers:
Lil Nib Worshippers
ControlEngineering
Family
Spambox
BotNation
Current servers:
Lil Nib Worshippers
ControlEngineering
Family
Spambox
BotNation
Current servers:
Lil Nib Worshippers
ControlEngineering
Family
Spambox
BotNation
Current servers:
Lil Nib Worshippers
ControlEngineering
Family
Spambox
BotNation
Current servers:
Lil Nib Worshippers
ControlEngineering
Family
Spambox
BotNation
Current servers:
Lil Nib Worshippers
ControlEngineering
Family
Spambox
BotNation
Current servers:
Lil Nib Worshippers
ControlEngineering
Family
Spambox
BotNation
Current servers:
Lil Nib Worshippers
ControlEngineering
Family
Spambox
BotNation
Current servers:
Lil Nib Worshippers
ControlEngineering
Family
Spambox
BotNation
Current servers:
Lil Nib Worshippers
ControlEngineering
Family
Spambox
BotNation
Current servers:
Lil Nib Worshippers
ControlEngineering
Family
Spambox
BotNation
Current servers:
Lil Nib Worshippers
ControlEngineering
Family
Spambox
BotNation
Current servers:
Lil Nib Worshippers
ControlEngineering
Family
Spambox
BotNation
Current servers:
Lil Nib Worshippers
ControlEngineering
Family
Spambox
BotNation
Current servers:
Lil Nib Worshippers
ControlEngineering
Family
Spambox
BotNation
Current servers:
Lil Nib Worshippers
ControlEngineering
Family
Spambox
BotNation
Current servers:
Lil Nib Worshippers
ControlEngineering
Family
Spambox
BotNation
Current servers:
Lil Nib Worshippers
ControlEngineering
Family
Spambox
BotNation
Current servers:
Lil Nib Worshippers
ControlEngineering
Family
Spambox
BotNation
Current servers:
Lil Nib Worshippers
ControlEngineering
Family
Spambox
BotNation
Current servers:
Lil Nib Worshippers
ControlEngineering
Family
Spambox
BotNation
Current servers:
Lil Nib Worshippers
ControlEngineering
Family
Spambox
BotNation
Current servers:
Lil Nib Worshippers
ControlEngineering
Family
Spambox
BotNation
Current servers:
Lil Nib Worshippers
ControlEngineering
Family
Spambox
BotNation
Current servers:
Lil Nib Worshippers
ControlEngineering
Family
Spambox
BotNation
Current servers:
Lil Nib Worshippers
ControlEngineering
Family
Spambox
BotNation
Current servers:
Lil Nib Worshippers
ControlEngineering
Family
Spambox
BotNation
Current servers:
Lil Nib Worshippers
ControlEngineering
Family
Spambox
BotNation
Current servers:
Lil Nib Worshippers
ControlEngineering
Family
Spambox
BotNation
Current servers:
Lil Nib Worshippers
ControlEngineering
Family
Spambox
BotNation
Current servers:
Lil Nib Worshippers
ControlEngineering
Family
Spambox
BotNation
Current servers:
Lil Nib Worshippers
ControlEngineering
Family
Spambox
BotNation
Current servers:
Lil Nib Worshippers
ControlEngineering
Family
Spambox
BotNation
Current servers:
Lil Nib Worshippers
ControlEngineering
Family
Spambox
BotNation
Current servers:
Lil Nib Worshippers
ControlEngineering
Family
Spambox
BotNation
Current servers:
Lil Nib Worshippers
ControlEngineering
Family
Spambox
BotNation
Current servers:
Lil Nib Worshippers
ControlEngineering
Family
Spambox
BotNation
Current servers:
Lil Nib Worshippers
ControlEngineering
Family
Spambox
BotNation
Current servers:
Lil Nib Worshippers
ControlEngineering
Family
Spambox
BotNation
Current servers:
Lil Nib Worshippers
ControlEngineering
Family
Spambox
BotNation
Current servers:
Lil Nib Worshippers
ControlEngineering
Family
Spambox
BotNation
Current servers:
Lil Nib Worshippers
ControlEngineering
Family
Spambox
BotNation
Current servers:
Lil Nib Worshippers
ControlEngineering
Family
Spambox
BotNation
Current servers:
Lil Nib Worshippers
ControlEngineering
Family
Spambox
BotNation
Current servers:
Lil Nib Worshippers
ControlEngineering
Family
Spambox
BotNation
Current servers:
Lil Nib Worshippers
ControlEngineering
Family
Spambox
BotNation
Current servers:
Lil Nib Worshippers
ControlEngineering
Family
Spambox
BotNation
Current servers:
Lil Nib Worshippers
ControlEngineering
Family
Spambox
BotNation
Current servers:
Lil Nib Worshippers
ControlEngineering
Family
Spambox
BotNation
Current servers:
Lil Nib Worshippers
ControlEngineering
Family
Spambox
BotNation
Current servers:
Lil Nib Worshippers
ControlEngineering
Family
Spambox
BotNation
Current servers:
Lil Nib Worshippers
ControlEngineering
Family
Spambox
BotNation
Current servers:
Lil Nib Worshippers
ControlEngineering
Family
Spambox
BotNation
Current servers:
Lil Nib Worshippers
ControlEngineering
Family
Spambox
BotNation
Current servers:
Lil Nib Worshippers
ControlEngineering
Family
Spambox
BotNation
Current servers:
Lil Nib Worshippers
ControlEngineering
Family
Spambox
BotNation
Current servers:
Lil Nib Worshippers
ControlEngineering
Family
Spambox
BotNation
Current servers:
Lil Nib Worshippers
ControlEngineering
Family
Spambox
BotNation
Current servers:
Lil Nib Worshippers
ControlEngineering
Family
Spambox
BotNation
Current servers:
Lil Nib Worshippers
ControlEngineering
Family
Spambox
BotNation
Current servers:
Lil Nib Worshippers
ControlEngineering
Family
Spambox
BotNation
Current servers:
Lil Nib Worshippers
ControlEngineering
Family
Spambox
BotNation
Current servers:
Lil Nib Worshippers
ControlEngineering
Family
Spambox
BotNation
Current servers:
Lil Nib Worshippers
ControlEngineering
Family
Spambox
BotNation
Current servers:
Lil Nib Worshippers
ControlEngineering
Family
Spambox
BotNation
Current servers:
Lil Nib Worshippers
ControlEngineering
Family
Spambox
BotNation
Current servers:
Lil Nib Worshippers
ControlEngineering
Family
Spambox
BotNation
Current servers:
Lil Nib Worshippers
ControlEngineering
Family
Spambox
BotNation
Current servers:
Lil Nib Worshippers
ControlEngineering
Family
Spambox
BotNation
Current servers:
Lil Nib Worshippers
ControlEngineering
Family
Spambox
BotNation
Current servers:
Lil Nib Worshippers
ControlEngineering
Family
Spambox
BotNation
Current servers:
Lil Nib Worshippers
ControlEngineering
Family
Spambox
BotNation
Current servers:
Lil Nib Worshippers
ControlEngineering
Family
Spambox
BotNation
Current servers:
Lil Nib Worshippers
ControlEngineering
Family
Spambox
BotNation
Current servers:
Lil Nib Worshippers
ControlEngineering
Family
Spambox
BotNation
Current servers:
Lil Nib Worshippers
ControlEngineering
Family
Spambox
BotNation
Current servers:
Lil Nib Worshippers
ControlEngineering
Family
Spambox
BotNation
Current servers:
Lil Nib Worshippers
ControlEngineering
Family
Spambox
BotNation
Current servers:
Lil Nib Worshippers
ControlEngineering
Family
Spambox
BotNation
Current servers:
Lil Nib Worshippers
ControlEngineering
Family
Spambox
BotNation
Current servers:
Lil Nib Worshippers
ControlEngineering
Family
Spambox
BotNation
Current servers:
Lil Nib Worshippers
ControlEngineering
Family
Spambox
BotNation
Current servers:
Lil Nib Worshippers
ControlEngineering
Family
Spambox
BotNation
Current servers:
Lil Nib Worshippers
ControlEngineering
Family
Spambox
BotNation
Current servers:
Lil Nib Worshippers
ControlEngineering
Family
Spambox
BotNation
Current servers:
Lil Nib Worshippers
ControlEngineering
Family
Spambox
BotNation
Current servers:
Lil Nib Worshippers
ControlEngineering
Family
Spambox
BotNation
Current servers:
Lil Nib Worshippers
ControlEngineering
Family
Spambox
BotNation
Current servers:
Lil Nib Worshippers
ControlEngineering
Family
Spambox
BotNation
Current servers:
Lil Nib Worshippers
ControlEngineering
Family
Spambox
BotNation
Current servers:
Lil Nib Worshippers
ControlEngineering
Family
Spambox
BotNation
Current servers:
Lil Nib Worshippers
ControlEngineering
Family
Spambox
BotNation
Current servers:
Lil Nib Worshippers
ControlEngineering
Family
Spambox
BotNation
Current servers:
Lil Nib Worshippers
ControlEngineering
Family
Spambox
BotNation
Current servers:
Lil Nib Worshippers
ControlEngineering
Family
Spambox
BotNation
Current servers:
Lil Nib Worshippers
ControlEngineering
Family
Spambox
BotNation
Current servers:
Lil Nib Worshippers
ControlEngineering
Family
Spambox
BotNation
Current servers:
Lil Nib Worshippers
ControlEngineering
Family
Spambox
BotNation
Current servers:
Lil Nib Worshippers
ControlEngineering
Family
Spambox
BotNation
Current servers:
Lil Nib Worshippers
ControlEngineering
Family
Spambox
BotNation
Current servers:
Lil Nib Worshippers
ControlEngineering
Family
Spambox
BotNation
Current servers:
Lil Nib Worshippers
ControlEngineering
Family
Spambox
BotNation
Current servers:
Lil Nib Worshippers
ControlEngineering
Family
Spambox
BotNation
Current servers:
Lil Nib Worshippers
ControlEngineering
Family
Spambox
BotNation
Current servers:
Lil Nib Worshippers
ControlEngineering
Family
Spambox
BotNation
Current servers:
Lil Nib Worshippers
ControlEngineering
Family
Spambox
BotNation
Current servers:
Lil Nib Worshippers
ControlEngineering
Family
Spambox
BotNation
Current servers:
Lil Nib Worshippers
ControlEngineering
Family
Spambox
BotNation
Current servers:
Lil Nib Worshippers
ControlEngineering
Family
Spambox
BotNation
Current servers:
Lil Nib Worshippers
ControlEngineering
Family
Spambox
BotNation
Current servers:
Lil Nib Worshippers
ControlEngineering
Family
Spambox
BotNation
Current servers:
Lil Nib Worshippers
ControlEngineering
Family
Spambox
BotNation
Current servers:
Lil Nib Worshippers
ControlEngineering
Family
Spambox
BotNation
Current servers:
Lil Nib Worshippers
ControlEngineering
Family
Spambox
BotNation
Current servers:
Lil Nib Worshippers
ControlEngineering
Family
Spambox
BotNation
Current servers:
Lil Nib Worshippers
ControlEngineering
Family
Spambox
BotNation
Current servers:
Lil Nib Worshippers
ControlEngineering
Family
Spambox
BotNation
Current servers:
Lil Nib Worshippers
ControlEngineering
Family
Spambox
BotNation
Current servers:
Lil Nib Worshippers
ControlEngineering
Family
Spambox
BotNation
Current servers:
Lil Nib Worshippers
ControlEngineering
Family
Spambox
BotNation
Current servers:
Lil Nib Worshippers
ControlEngineering
Family
Spambox
BotNation
Current servers:
Lil Nib Worshippers
ControlEngineering
Family
Spambox
BotNation
Current servers:
Lil Nib Worshippers
ControlEngineering
Family
Spambox
BotNation
Current servers:
Lil Nib Worshippers
ControlEngineering
Family
Spambox
BotNation
Current servers:
Lil Nib Worshippers
ControlEngineering
Family
Spambox
BotNation
Current servers:
Lil Nib Worshippers/falconshare/FalconBot
Current servers:
BotNation
Family
ControlEngineering
Spambox
Lil Nib Worshippers
Logged in as FalconBot
Task was destroyed but it is pending!
task: <Task pending coro=<_run_event() running at /usr/local/lib/python3.5/dist-packages/discord/client.py:307> wait_for=<Future pending cb=[BaseSelectorEventLoop._sock_connect_done(8)(), Task._wakeup()]>>
Task was destroyed but it is pending!
task: <Task pending coro=<list_servers() running at FalconBot.py:431> wait_for=<Future pending cb=[Task._wakeup()]>>
/falconshare/FalconBot
Current servers:
BotNation
Spambox
ControlEngineering
Family
Lil Nib Worshippers
Logged in as FalconBot
Current servers:
BotNation
Spambox
ControlEngineering
Family
Lil Nib Worshippers
Current servers:
BotNation
Spambox
ControlEngineering
Family
Lil Nib Worshippers
Current servers:
BotNation
Spambox
ControlEngineering
Family
Lil Nib Worshippers
Current servers:
BotNation
Spambox
ControlEngineering
Family
Lil Nib Worshippers
Current servers:
BotNation
Spambox
ControlEngineering
Family
Lil Nib Worshippers
Current servers:
BotNation
Spambox
ControlEngineering
Family
Lil Nib Worshippers
Current servers:
BotNation
Spambox
ControlEngineering
Family
Lil Nib Worshippers
Current servers:
BotNation
Spambox
ControlEngineering
Family
Lil Nib Worshippers
Current servers:
BotNation
Spambox
ControlEngineering
Family
Lil Nib Worshippers
Current servers:
BotNation
Spambox
ControlEngineering
Family
Lil Nib Worshippers
Current servers:
BotNation
Spambox
ControlEngineering
Family
Lil Nib Worshippers
Current servers:
BotNation
Spambox
ControlEngineering
Family
Lil Nib Worshippers
Current servers:
BotNation
Spambox
ControlEngineering
Family
Lil Nib Worshippers
Current servers:
BotNation
Spambox
ControlEngineering
Family
Lil Nib Worshippers
Current servers:
BotNation
Spambox
ControlEngineering
Family
Lil Nib Worshippers
Current servers:
BotNation
Spambox
ControlEngineering
Family
Lil Nib Worshippers
{'context.message.server': <discord.server.Server object at 0x7f3720a46b40>, 'context.message.id': '529308362513317908', 'context.message.content': '?decompose <@!477905459450347530>', 'context.message.role_mentions': [], 'context.message.mentions': [<discord.member.Member object at 0x7f37322fee18>], 'context.message.channel': <discord.channel.Channel object at 0x7f3732302dc8>, 'context.message.attachments': [], 'context.message.reactions': [], 'context.message.channel_mentions': [], 'context.message.timestamp': datetime.datetime(2018, 12, 31, 14, 42, 27, 697000), 'context.message.embeds': []}
Current servers:
BotNation
Spambox
ControlEngineering
Family
Lil Nib Worshippers
Current servers:
BotNation
Spambox
ControlEngineering
Family
Lil Nib Worshippers
Task exception was never retrieved
future: <Task finished coro=<_run_event() done, defined at /usr/local/lib/python3.5/dist-packages/discord/client.py:304> exception=SystemExit(None,)>
Traceback (most recent call last):
  File "/usr/local/lib/python3.5/dist-packages/discord/client.py", line 519, in run
    self.loop.run_until_complete(self.start(*args, **kwargs))
  File "/usr/lib/python3.5/asyncio/base_events.py", line 454, in run_until_complete
    self.run_forever()
  File "/usr/lib/python3.5/asyncio/base_events.py", line 421, in run_forever
    self._run_once()
  File "/usr/lib/python3.5/asyncio/base_events.py", line 1424, in _run_once
    handle._run()
  File "/usr/lib/python3.5/asyncio/events.py", line 126, in _run
    self._callback(*self._args)
  File "/usr/lib/python3.5/asyncio/tasks.py", line 315, in _wakeup
    self._step()
  File "/usr/lib/python3.5/asyncio/tasks.py", line 239, in _step
    result = coro.send(None)
  File "/usr/local/lib/python3.5/dist-packages/discord/client.py", line 307, in _run_event
    yield from getattr(self, event)(*args, **kwargs)
  File "/usr/local/lib/python3.5/dist-packages/discord/ext/commands/bot.py", line 857, in on_message
    yield from self.process_commands(message)
  File "/usr/local/lib/python3.5/dist-packages/discord/ext/commands/bot.py", line 846, in process_commands
    yield from command.invoke(ctx)
  File "/usr/local/lib/python3.5/dist-packages/discord/ext/commands/core.py", line 374, in invoke
    yield from injected(*ctx.args, **ctx.kwargs)
  File "/usr/local/lib/python3.5/dist-packages/discord/ext/commands/core.py", line 50, in wrapped
    ret = yield from coro(*args, **kwargs)
  File "FalconBot.py", line 251, in restart
    quit()
  File "/usr/lib/python3.5/_sitebuiltins.py", line 26, in __call__
    raise SystemExit(code)
SystemExit: None
Task was destroyed but it is pending!
task: <Task pending coro=<list_servers() running at FalconBot.py:431> wait_for=<Future pending cb=[Task._wakeup()]>>
Ignoring exception in command kill
Traceback (most recent call last):
  File "/usr/local/lib/python3.5/dist-packages/discord/ext/commands/core.py", line 50, in wrapped
    ret = yield from coro(*args, **kwargs)
  File "Falconbot.py", line 194, in kill
    if(str(context.message.mentions[0])!='Falcon#6280'):
IndexError: list index out of range

The above exception was the direct cause of the following exception:

Traceback (most recent call last):
  File "/usr/local/lib/python3.5/dist-packages/discord/ext/commands/bot.py", line 846, in process_commands
    yield from command.invoke(ctx)
  File "/usr/local/lib/python3.5/dist-packages/discord/ext/commands/core.py", line 374, in invoke
    yield from injected(*ctx.args, **ctx.kwargs)
  File "/usr/local/lib/python3.5/dist-packages/discord/ext/commands/core.py", line 54, in wrapped
    raise CommandInvokeError(e) from e
discord.ext.commands.errors.CommandInvokeError: Command raised an exception: IndexError: list index out of range
Ignoring exception in command None
discord.ext.commands.errors.CommandNotFound: Command "??" is not found

ControlEngineering
Family
Spambox
BotNation
Current servers:
Lil Nib Worshippers
ControlEngineering
Family
Spambox
BotNation
Current servers:
Lil Nib Worshippers
ControlEngineering
Family
Spambox
BotNation
Current servers:
Lil Nib Worshippers
ControlEngineering
Family
Spambox
BotNation
Current servers:
Lil Nib Worshippers
ControlEngineering
Family
Spambox
BotNation
Current servers:
Lil Nib Worshippers
ControlEngineering
Family
Spambox
BotNation
Current servers:
Lil Nib Worshippers
ControlEngineering
Family
Spambox
BotNation
Current servers:
Lil Nib Worshippers
ControlEngineering
Family
Spambox
BotNation
Current servers:
Lil Nib Worshippers
ControlEngineering
Family
Spambox
BotNation
Current servers:
Lil Nib Worshippers
ControlEngineering
Family
Spambox
BotNation
Current servers:
Lil Nib Worshippers
ControlEngineering
Family
Spambox
BotNation
Current servers:
Lil Nib Worshippers
ControlEngineering
Family
Spambox
BotNation
Current servers:
Lil Nib Worshippers
ControlEngineering
Family
Spambox
BotNation
Current servers:
Lil Nib Worshippers
ControlEngineering
Family
Spambox
BotNation
Current servers:
Lil Nib Worshippers
ControlEngineering
Family
Spambox
BotNation
Current servers:
Lil Nib Worshippers
ControlEngineering
Family
Spambox
BotNation
Current servers:
Lil Nib Worshippers
ControlEngineering
Family
Spambox
BotNation
Current servers:
Lil Nib Worshippers
ControlEngineering
Family
Spambox
BotNation
Current servers:
Lil Nib Worshippers
ControlEngineering
Family
Spambox
BotNation
Current servers:
Lil Nib Worshippers
ControlEngineering
Family
Spambox
BotNation
Current servers:
Lil Nib Worshippers
ControlEngineering
Family
Spambox
BotNation
Current servers:
Lil Nib Worshippers
ControlEngineering
Family
Spambox
BotNation
Current servers:
Lil Nib Worshippers
ControlEngineering
Family
Spambox
BotNation
Current servers:
Lil Nib Worshippers
ControlEngineering
Family
Spambox
BotNation
Current servers:
Lil Nib Worshippers
ControlEngineering
Family
Spambox
BotNation
Current servers:
Lil Nib Worshippers
ControlEngineering
Family
Spambox
BotNation
Current servers:
Lil Nib Worshippers
ControlEngineering
Family
Spambox
BotNation
Current servers:
Lil Nib Worshippers
ControlEngineering
Family
Spambox
BotNation
Current servers:
Lil Nib Worshippers
ControlEngineering
Family
Spambox
BotNation
Current servers:
Lil Nib Worshippers
ControlEngineering
Family
Spambox
BotNation
Current servers:
Lil Nib Worshippers
ControlEngineering
Family
Spambox
BotNation
Current servers:
Lil Nib Worshippers
ControlEngineering
Family
Spambox
BotNation
Current servers:
Lil Nib Worshippers
ControlEngineering
Family
Spambox
BotNation
Current servers:
Lil Nib Worshippers
ControlEngineering
Family
Spambox
BotNation
Current servers:
Lil Nib Worshippers
ControlEngineering
Family
Spambox
BotNation
Current servers:
Lil Nib Worshippers
ControlEngineering
Family
Spambox
BotNation
Current servers:
Lil Nib Worshippers
ControlEngineering
Family
Spambox
BotNation
Current servers:
Lil Nib Worshippers
ControlEngineering
Family
Spambox
BotNation
Current servers:
Lil Nib Worshippers
ControlEngineering
Family
Spambox
BotNation
Current servers:
Lil Nib Worshippers
ControlEngineering
Family
Spambox
BotNation
Current servers:
Lil Nib Worshippers
ControlEngineering
Family
Spambox
BotNation
Current servers:
Lil Nib Worshippers
ControlEngineering
Family
Spambox
BotNation
Current servers:
Lil Nib Worshippers
ControlEngineering
Family
Spambox
BotNation
Current servers:
Lil Nib Worshippers
ControlEngineering
Family
Spambox
BotNation
Current servers:
Lil Nib Worshippers
ControlEngineering
Family
Spambox
BotNation
Current servers:
Lil Nib Worshippers
ControlEngineering
Family
Spambox
BotNation
Current servers:
Lil Nib Worshippers
ControlEngineering
Family
Spambox
BotNation
Current servers:
Lil Nib Worshippers
ControlEngineering
Family
Spambox
BotNation
Current servers:
Lil Nib Worshippers
ControlEngineering
Family
Spambox
BotNation
Current servers:
Lil Nib Worshippers
ControlEngineering
Family
Spambox
BotNation
Current servers:
Lil Nib Worshippers
ControlEngineering
Family
Spambox
BotNation
Current servers:
Lil Nib Worshippers
ControlEngineering
Family
Spambox
BotNation
Current servers:
Lil Nib Worshippers
ControlEngineering
Family
Spambox
BotNation
Current servers:
Lil Nib Worshippers
ControlEngineering
Family
Spambox
BotNation
Current servers:
Lil Nib Worshippers
ControlEngineering
Family
Spambox
BotNation
Current servers:
Lil Nib Worshippers
ControlEngineering
Family
Spambox
BotNation
Current servers:
Lil Nib Worshippers
ControlEngineering
Family
Spambox
BotNation
Current servers:
Lil Nib Worshippers
ControlEngineering
Family
Spambox
BotNation
Current servers:
Lil Nib Worshippers
ControlEngineering
Family
Spambox
BotNation
Current servers:
Lil Nib Worshippers
ControlEngineering
Family
Spambox
BotNation
Current servers:
Lil Nib Worshippers
ControlEngineering
Family
Spambox
BotNation
Current servers:
Lil Nib Worshippers
ControlEngineering
Family
Spambox
BotNation
Current servers:
Lil Nib Worshippers
ControlEngineering
Family
Spambox
BotNation
Current servers:
Lil Nib Worshippers
ControlEngineering
Family
Spambox
BotNation
Current servers:
Lil Nib Worshippers
ControlEngineering
Family
Spambox
BotNation
Current servers:
Lil Nib Worshippers
ControlEngineering
Family
Spambox
BotNation
Current servers:
Lil Nib Worshippers
ControlEngineering
Family
Spambox
BotNation
Current servers:
Lil Nib Worshippers
ControlEngineering
Family
Spambox
BotNation
Current servers:
Lil Nib Worshippers
ControlEngineering
Family
Spambox
BotNation
Current servers:
Lil Nib Worshippers
ControlEngineering
Family
Spambox
BotNation
Current servers:
Lil Nib Worshippers
ControlEngineering
Family
Spambox
BotNation
Current servers:
Lil Nib Worshippers
ControlEngineering
Family
Spambox
BotNation
Current servers:
Lil Nib Worshippers
ControlEngineering
Family
Spambox
BotNation
Current servers:
Lil Nib Worshippers
ControlEngineering
Family
Spambox
BotNation
Current servers:
Lil Nib Worshippers
ControlEngineering
Family
Spambox
BotNation
Current servers:
Lil Nib Worshippers
ControlEngineering
Family
Spambox
BotNation
Current servers:
Lil Nib Worshippers
ControlEngineering
Family
Spambox
BotNation
Current servers:
Lil Nib Worshippers
ControlEngineering
Family
Spambox
BotNation
Current servers:
Lil Nib Worshippers
ControlEngineering
Family
Spambox
BotNation
Current servers:
Lil Nib Worshippers
ControlEngineering
Family
Spambox
BotNation
Current servers:
Lil Nib Worshippers
ControlEngineering
Family
Spambox
BotNation
Current servers:
Lil Nib Worshippers
ControlEngineering
Family
Spambox
BotNation
Current servers:
Lil Nib Worshippers
ControlEngineering
Family
Spambox
BotNation
Current servers:
Lil Nib Worshippers
ControlEngineering
Family
Spambox
BotNation
Current servers:
Lil Nib Worshippers
ControlEngineering
Family
Spambox
BotNation
Current servers:
Lil Nib Worshippers
ControlEngineering
Family
Spambox
BotNation
Current servers:
Lil Nib Worshippers
ControlEngineering
Family
Spambox
BotNation
Current servers:
Lil Nib Worshippers
ControlEngineering
Family
Spambox
BotNation
Current servers:
Lil Nib Worshippers
ControlEngineering
Family
Spambox
BotNation
Current servers:
Lil Nib Worshippers
ControlEngineering
Family
Spambox
BotNation
Current servers:
Lil Nib Worshippers
ControlEngineering
Family
Spambox
BotNation
Current servers:
Lil Nib Worshippers
ControlEngineering
Family
Spambox
BotNation
Current servers:
Lil Nib Worshippers
ControlEngineering
Family
Spambox
BotNation
Current servers:
Lil Nib Worshippers
ControlEngineering
Family
Spambox
BotNation
Current servers:
Lil Nib Worshippers
ControlEngineering
Family
Spambox
BotNation
Current servers:
Lil Nib Worshippers
ControlEngineering
Family
Spambox
BotNation
Current servers:
Lil Nib Worshippers
ControlEngineering
Family
Spambox
BotNation
Current servers:
Lil Nib Worshippers
ControlEngineering
Family
Spambox
BotNation
Current servers:
Lil Nib Worshippers
ControlEngineering
Family
Spambox
BotNation
Current servers:
Lil Nib Worshippers
ControlEngineering
Family
Spambox
BotNation
Current servers:
Lil Nib Worshippers
ControlEngineering
Family
Spambox
BotNation
Current servers:
Lil Nib Worshippers
ControlEngineering
Family
Spambox
BotNation
Current servers:
Lil Nib Worshippers
ControlEngineering
Family
Spambox
BotNation
Current servers:
Lil Nib Worshippers
ControlEngineering
Family
Spambox
BotNation
Current servers:
Lil Nib Worshippers
ControlEngineering
Family
Spambox
BotNation
Current servers:
Lil Nib Worshippers
ControlEngineering
Family
Spambox
BotNation
Current servers:
Lil Nib Worshippers
ControlEngineering
Family
Spambox
BotNation
Current servers:
Lil Nib Worshippers
ControlEngineering
Family
Spambox
BotNation
Current servers:
Lil Nib Worshippers
ControlEngineering
Family
Spambox
BotNation
Current servers:
Lil Nib Worshippers
ControlEngineering
Family
Spambox
BotNation
Current servers:
Lil Nib Worshippers
ControlEngineering
Family
Spambox
BotNation
Current servers:
Lil Nib Worshippers
ControlEngineering
Family
Spambox
BotNation
Current servers:
Lil Nib Worshippers
ControlEngineering
Family
Spambox
BotNation
Current servers:
Lil Nib Worshippers
ControlEngineering
Family
Spambox
BotNation
Current servers:
Lil Nib Worshippers
ControlEngineering
Family
Spambox
BotNation
Current servers:
Lil Nib Worshippers
ControlEngineering
Family
Spambox
BotNation
Current servers:
Lil Nib Worshippers
ControlEngineering
Family
Spambox
BotNation
Current servers:
Lil Nib Worshippers
ControlEngineering
Family
Spambox
BotNation
Current servers:
Lil Nib Worshippers
ControlEngineering
Family
Spambox
BotNation
Current servers:
Lil Nib Worshippers
ControlEngineering
Family
Spambox
BotNation
Current servers:
Lil Nib Worshippers
ControlEngineering
Family
Spambox
BotNation
Current servers:
Lil Nib Worshippers
ControlEngineering
Family
Spambox
BotNation
Current servers:
Lil Nib Worshippers
ControlEngineering
Family
Spambox
BotNation
Current servers:
Lil Nib Worshippers
ControlEngineering
Family
Spambox
BotNation
Current servers:
Lil Nib Worshippers
ControlEngineering
Family
Spambox
BotNation
Current servers:
Lil Nib Worshippers
ControlEngineering
Family
Spambox
BotNation
Current servers:
Lil Nib Worshippers
ControlEngineering
Family
Spambox
BotNation
Current servers:
Lil Nib Worshippers
ControlEngineering
Family
Spambox
BotNation
Current servers:
Lil Nib Worshippers
ControlEngineering
Family
Spambox
BotNation
Current servers:
Lil Nib Worshippers
ControlEngineering
Family
Spambox
BotNation
Current servers:
Lil Nib Worshippers
ControlEngineering
Family
Spambox
BotNation
Current servers:
Lil Nib Worshippers
ControlEngineering
Family
Spambox
BotNation
Current servers:
Lil Nib Worshippers
ControlEngineering
Family
Spambox
BotNation
Current servers:
Lil Nib Worshippers
ControlEngineering
Family
Spambox
BotNation
Current servers:
Lil Nib Worshippers
ControlEngineering
Family
Spambox
BotNation
Current servers:
Lil Nib Worshippers
ControlEngineering
Family
Spambox
BotNation
Current servers:
Lil Nib Worshippers
ControlEngineering
Family
Spambox
BotNation
Current servers:
Lil Nib Worshippers
ControlEngineering
Family
Spambox
BotNation
Current servers:
Lil Nib Worshippers
ControlEngineering
Family
Spambox
BotNation
Current servers:
Lil Nib Worshippers
ControlEngineering
Family
Spambox
BotNation
Current servers:
Lil Nib Worshippers
ControlEngineering
Family
Spambox
BotNation
Current servers:
Lil Nib Worshippers
ControlEngineering
Family
Spambox
BotNation
Current servers:
Lil Nib Worshippers
ControlEngineering
Family
Spambox
BotNation
Current servers:
Lil Nib Worshippers
ControlEngineering
Family
Spambox
BotNation
Current servers:
Lil Nib Worshippers
ControlEngineering
Family
Spambox
BotNation
Current servers:
Lil Nib Worshippers
ControlEngineering
Family
Spambox
BotNation
Current servers:
Lil Nib Worshippers
ControlEngineering
Family
Spambox
BotNation
Current servers:
Lil Nib Worshippers
ControlEngineering
Family
Spambox
BotNation
Current servers:
Lil Nib Worshippers
ControlEngineering
Family
Spambox
BotNation
Current servers:
Lil Nib Worshippers
ControlEngineering
Family
Spambox
BotNation
Task exception was never retrieved
future: <Task finished coro=<_run_event() done, defined at /usr/local/lib/python3.5/dist-packages/discord/client.py:304> exception=SystemExit(None,)>
Traceback (most recent call last):
  File "/usr/local/lib/python3.5/dist-packages/discord/client.py", line 519, in run
    self.loop.run_until_complete(self.start(*args, **kwargs))
  File "/usr/lib/python3.5/asyncio/base_events.py", line 454, in run_until_complete
    self.run_forever()
  File "/usr/lib/python3.5/asyncio/base_events.py", line 421, in run_forever
    self._run_once()
  File "/usr/lib/python3.5/asyncio/base_events.py", line 1424, in _run_once
    handle._run()
  File "/usr/lib/python3.5/asyncio/events.py", line 126, in _run
    self._callback(*self._args)
  File "/usr/lib/python3.5/asyncio/tasks.py", line 315, in _wakeup
    self._step()
  File "/usr/lib/python3.5/asyncio/tasks.py", line 239, in _step
    result = coro.send(None)
  File "/usr/local/lib/python3.5/dist-packages/discord/client.py", line 307, in _run_event
    yield from getattr(self, event)(*args, **kwargs)
  File "/usr/local/lib/python3.5/dist-packages/discord/ext/commands/bot.py", line 857, in on_message
    yield from self.process_commands(message)
  File "/usr/local/lib/python3.5/dist-packages/discord/ext/commands/bot.py", line 846, in process_commands
    yield from command.invoke(ctx)
  File "/usr/local/lib/python3.5/dist-packages/discord/ext/commands/core.py", line 374, in invoke
    yield from injected(*ctx.args, **ctx.kwargs)
  File "/usr/local/lib/python3.5/dist-packages/discord/ext/commands/core.py", line 50, in wrapped
    ret = yield from coro(*args, **kwargs)
  File "Falconbot.py", line 251, in restart
    quit()
  File "/usr/lib/python3.5/_sitebuiltins.py", line 26, in __call__
    raise SystemExit(code)
SystemExit: None
Task was destroyed but it is pending!
task: <Task pending coro=<list_servers() running at Falconbot.py:425> wait_for=<Future pending cb=[Task._wakeup()]>>
/falconshare/FalconBot
Current servers:
Lil Nib Worshippers
Spambox
Family
ControlEngineering
BotNation
Logged in as FalconBot
Current servers:
Lil Nib Worshippers
Spambox
Family
ControlEngineering
BotNation
Current servers:
Lil Nib Worshippers
Spambox
Family
ControlEngineering
BotNation
Current servers:
Lil Nib Worshippers
Spambox
Family
ControlEngineering
BotNation
Current servers:
Lil Nib Worshippers
Spambox
Family
ControlEngineering
BotNation
Current servers:
Lil Nib Worshippers
Spambox
Family
ControlEngineering
BotNation
Current servers:
Lil Nib Worshippers
Spambox
Family
ControlEngineering
BotNation
Current servers:
Lil Nib Worshippers
Spambox
Family
ControlEngineering
BotNation
Current servers:
Lil Nib Worshippers
Spambox
Family
ControlEngineering
BotNation
Current servers:
Lil Nib Worshippers
Spambox
Family
ControlEngineering
BotNation
Current servers:
Lil Nib Worshippers
Spambox
Family
ControlEngineering
BotNation
Current servers:
Lil Nib Worshippers
Spambox
Family
ControlEngineering
BotNation
Current servers:
Lil Nib Worshippers
Spambox
Family
ControlEngineering
BotNation
Current servers:
Lil Nib Worshippers
Spambox
Family
ControlEngineering
BotNation
Current servers:
Lil Nib Worshippers
Spambox
Family
ControlEngineering
BotNation
Current servers:
Lil Nib Worshippers
Spambox
Family
ControlEngineering
BotNation
Current servers:
Lil Nib Worshippers
Spambox
Family
ControlEngineering
BotNation
Current servers:
Lil Nib Worshippers
Spambox
Family
ControlEngineering
BotNation
Current servers:
Lil Nib Worshippers
Spambox
Family
ControlEngineering
BotNation
Current servers:
Lil Nib Worshippers
Spambox
Family
ControlEngineering
BotNation
Current servers:
Lil Nib Worshippers
Spambox
Family
ControlEngineering
BotNation
Current servers:
Lil Nib Worshippers
Spambox
Family
ControlEngineering
BotNation
Current servers:
Lil Nib Worshippers
Spambox
Family
ControlEngineering
BotNation
Current servers:
Lil Nib Worshippers
Spambox
Family
ControlEngineering
BotNation
Current servers:
Lil Nib Worshippers
Spambox
Family
ControlEngineering
BotNation
Current servers:
Lil Nib Worshippers
Spambox
Family
ControlEngineering
BotNation
Current servers:
Lil Nib Worshippers
Spambox
Family
ControlEngineering
BotNation
Current servers:
Lil Nib Worshippers
Spambox
Family
ControlEngineering
BotNation
Current servers:
Lil Nib Worshippers
Spambox
Family
ControlEngineering
BotNation
Current servers:
Lil Nib Worshippers
Spambox
Family
ControlEngineering
BotNation
Current servers:
Lil Nib Worshippers
Spambox
Family
ControlEngineering
BotNation
Current servers:
Lil Nib Worshippers
Spambox
Family
ControlEngineering
BotNation
Current servers:
Lil Nib Worshippers
Spambox
Family
ControlEngineering
BotNation
Current servers:
Lil Nib Worshippers
Spambox
Family
ControlEngineering
BotNation
Current servers:
Lil Nib Worshippers
Spambox
Family
ControlEngineering
BotNation
Current servers:
Lil Nib Worshippers
Spambox
Family
ControlEngineering
BotNation
Current servers:
Lil Nib Worshippers
Spambox
Family
ControlEngineering
BotNation
Current servers:
Lil Nib Worshippers
Spambox
Family
ControlEngineering
BotNation
Current servers:
Lil Nib Worshippers
Spambox
Family
ControlEngineering
BotNation
Current servers:
Lil Nib Worshippers
Spambox
Family
ControlEngineering
BotNation
Current servers:
Lil Nib Worshippers
Spambox
Family
ControlEngineering
BotNation
Current servers:
Lil Nib Worshippers
Spambox
Family
ControlEngineering
BotNation
Current servers:
Lil Nib Worshippers
Spambox
Family
ControlEngineering
BotNation
Current servers:
Lil Nib Worshippers
Spambox
Family
ControlEngineering
BotNation
Current servers:
Lil Nib Worshippers
Spambox
Family
ControlEngineering
BotNation
Current servers:
Lil Nib Worshippers
Spambox
Family
ControlEngineering
BotNation
Current servers:
Lil Nib Worshippers
Spambox
Family
ControlEngineering
BotNation
Current servers:
Lil Nib Worshippers
Spambox
Family
ControlEngineering
BotNation
Current servers:
Lil Nib Worshippers
Spambox
Family
ControlEngineering
BotNation
Current servers:
Lil Nib Worshippers
Spambox
Family
ControlEngineering
BotNation
Current servers:
Lil Nib Worshippers
Spambox
Family
ControlEngineering
BotNation
Current servers:
Lil Nib Worshippers
Spambox
Family
ControlEngineering
BotNation
Current servers:
Lil Nib Worshippers
Spambox
Family
ControlEngineering
BotNation
Current servers:
Lil Nib Worshippers
Spambox
Family
ControlEngineering
BotNation
Current servers:
Lil Nib Worshippers
Spambox
Family
ControlEngineering
BotNation
Current servers:
Lil Nib Worshippers
Spambox
Family
ControlEngineering
BotNation
Current servers:
Lil Nib Worshippers
Spambox
Family
ControlEngineering
BotNation
Current servers:
Lil Nib Worshippers
Spambox
Family
ControlEngineering
BotNation
Current servers:
Lil Nib Worshippers
Spambox
Family
ControlEngineering
BotNation
Current servers:
Lil Nib Worshippers
Spambox
Family
ControlEngineering
BotNation
Current servers:
Lil Nib Worshippers
Spambox
Family
ControlEngineering
BotNation
Current servers:
Lil Nib Worshippers
Spambox
Family
ControlEngineering
BotNation
Current servers:
Lil Nib Worshippers
Spambox
Family
ControlEngineering
BotNation
Current servers:
Lil Nib Worshippers
Spambox
Family
ControlEngineering
BotNation
Current servers:
Lil Nib Worshippers
Spambox
Family
ControlEngineering
BotNation
Current servers:
Lil Nib Worshippers
Spambox
Family
ControlEngineering
BotNation
Current servers:
Lil Nib Worshippers
Spambox
Family
ControlEngineering
BotNation
Current servers:
Lil Nib Worshippers
Spambox
Family
ControlEngineering
BotNation
Current servers:
Lil Nib Worshippers
Spambox
Family
ControlEngineering
BotNation
Current servers:
Lil Nib Worshippers
Spambox
Family
ControlEngineering
BotNation
Current servers:
Lil Nib Worshippers
Spambox
Family
ControlEngineering
BotNation
Current servers:
Lil Nib Worshippers
Spambox
Family
ControlEngineering
BotNation
Current servers:
Lil Nib Worshippers
Spambox
Family
ControlEngineering
BotNation
Current servers:
Lil Nib Worshippers
Spambox
Family
ControlEngineering
BotNation
Current servers:
Lil Nib Worshippers
Spambox
Family
ControlEngineering
BotNation
Current servers:
Lil Nib Worshippers
Spambox
Family
ControlEngineering
BotNation
Current servers:
Lil Nib Worshippers
Spambox
Family
ControlEngineering
BotNation
Current servers:
Lil Nib Worshippers
Spambox
Family
ControlEngineering
BotNation
Current servers:
Lil Nib Worshippers
Spambox
Family
ControlEngineering
BotNation
Current servers:
Lil Nib Worshippers
Spambox
Family
ControlEngineering
BotNation
Current servers:
Lil Nib Worshippers
Spambox
Family
ControlEngineering
BotNation
Current servers:
Lil Nib Worshippers
Spambox
Family
ControlEngineering
BotNation
Current servers:
Lil Nib Worshippers
Spambox
Family
ControlEngineering
BotNation
Current servers:
Lil Nib Worshippers
Spambox
Family
ControlEngineering
BotNation
Current servers:
Lil Nib Worshippers
Spambox
Family
ControlEngineering
BotNation
Current servers:
Lil Nib Worshippers
Spambox
Family
ControlEngineering
BotNation
Current servers:
Lil Nib Worshippers
Spambox
Family
ControlEngineering
BotNation
Current servers:
Lil Nib Worshippers
Spambox
Family
ControlEngineering
BotNation
Current servers:
Lil Nib Worshippers
Spambox
Family
ControlEngineering
BotNation
Current servers:
Lil Nib Worshippers
Spambox
Family
ControlEngineering
BotNation
Current servers:
Lil Nib Worshippers
Spambox
Family
ControlEngineering
BotNation
Current servers:
Lil Nib Worshippers
Spambox
Family
ControlEngineering
BotNation
Current servers:
Lil Nib Worshippers
Spambox
Family
ControlEngineering
BotNation
Current servers:
Lil Nib Worshippers
Spambox
Family
ControlEngineering
BotNation
Current servers:
Lil Nib Worshippers
Spambox
Family
ControlEngineering
BotNation
Current servers:
Lil Nib Worshippers
Spambox
Family
ControlEngineering
BotNation
Current servers:
Lil Nib Worshippers
Spambox
Family
ControlEngineering
BotNation
Current servers:
Lil Nib Worshippers
Spambox
Family
ControlEngineering
BotNation
Current servers:
Lil Nib Worshippers
Spambox
Family
ControlEngineering
BotNation
Current servers:
Lil Nib Worshippers
Spambox
Family
ControlEngineering
BotNation
Current servers:
Lil Nib Worshippers
Spambox
Family
ControlEngineering
BotNation
Current servers:
Lil Nib Worshippers
Spambox
Family
ControlEngineering
BotNation
Current servers:
Lil Nib Worshippers
Spambox
Family
ControlEngineering
BotNation
Current servers:
Lil Nib Worshippers
Spambox
Family
ControlEngineering
BotNation
Current servers:
Lil Nib Worshippers
Spambox
Family
ControlEngineering
BotNation
Current servers:
Lil Nib Worshippers
Spambox
Family
ControlEngineering
BotNation
Current servers:
Lil Nib Worshippers
Spambox
Family
ControlEngineering
BotNation
Current servers:
Lil Nib Worshippers
Spambox
Family
ControlEngineering
BotNation
Current servers:
Lil Nib Worshippers
Spambox
Family
ControlEngineering
BotNation
Current servers:
Lil Nib Worshippers
Spambox
Family
ControlEngineering
BotNation
Current servers:
Lil Nib Worshippers
Spambox
Family
ControlEngineering
BotNation
Current servers:
Lil Nib Worshippers
Spambox
Family
ControlEngineering
BotNation
Current servers:
Lil Nib Worshippers
Spambox
Family
ControlEngineering
BotNation
Current servers:
Lil Nib Worshippers
Spambox
Family
ControlEngineering
BotNation
Current servers:
Lil Nib Worshippers
Spambox
Family
ControlEngineering
BotNation
Current servers:
Lil Nib Worshippers
Spambox
Family
ControlEngineering
BotNation
Current servers:
Lil Nib Worshippers
Spambox
Family
ControlEngineering
BotNation
Current servers:
Lil Nib Worshippers
Spambox
Family
ControlEngineering
BotNation
Current servers:
Lil Nib Worshippers
Spambox
Family
ControlEngineering
BotNation
Current servers:
Lil Nib Worshippers
Spambox
Family
ControlEngineering
BotNation
Current servers:
Lil Nib Worshippers
Spambox
Family
ControlEngineering
BotNation
Current servers:
Lil Nib Worshippers
Spambox
Family
ControlEngineering
BotNation
Current servers:
Lil Nib Worshippers
Spambox
Family
ControlEngineering
BotNation
Current servers:
Lil Nib Worshippers
Spambox
Family
ControlEngineering
BotNation
Current servers:
Lil Nib Worshippers
Spambox
Family
ControlEngineering
BotNation
Current servers:
Lil Nib Worshippers
Spambox
Family
ControlEngineering
BotNation
Current servers:
Lil Nib Worshippers
Spambox
Family
ControlEngineering
BotNation
Current servers:
Lil Nib Worshippers
Spambox
Family
ControlEngineering
BotNation
Current servers:
Lil Nib Worshippers
Spambox
Family
ControlEngineering
BotNation
Current servers:
Lil Nib Worshippers
Spambox
Family
ControlEngineering
BotNation
Current servers:
Lil Nib Worshippers
Spambox
Family
ControlEngineering
BotNation
Current servers:
Lil Nib Worshippers
Spambox
Family
ControlEngineering
BotNation
Current servers:
Lil Nib Worshippers
Spambox
Family
ControlEngineering
BotNation
Current servers:
Lil Nib Worshippers
Spambox
Family
ControlEngineering
BotNation
Current servers:
Lil Nib Worshippers
Spambox
Family
ControlEngineering
BotNation
Current servers:
Lil Nib Worshippers
Spambox
Family
ControlEngineering
BotNation
Current servers:
Lil Nib Worshippers
Spambox
Family
ControlEngineering
BotNation
Current servers:
Lil Nib Worshippers
Spambox
Family
ControlEngineering
BotNation
Current servers:
Lil Nib Worshippers
Spambox
Family
ControlEngineering
BotNation
Current servers:
Lil Nib Worshippers
Spambox
Family
ControlEngineering
BotNation
Current servers:
Lil Nib Worshippers
Spambox
Family
ControlEngineering
BotNation
Current servers:
Lil Nib Worshippers
Spambox
Family
ControlEngineering
BotNation
Current servers:
Lil Nib Worshippers
Spambox
Family
ControlEngineering
BotNation
Current servers:
Lil Nib Worshippers
Spambox
Family
ControlEngineering
BotNation
Current servers:
Lil Nib Worshippers
Spambox
Family
ControlEngineering
BotNation
Current servers:
Lil Nib Worshippers
Spambox
Family
ControlEngineering
BotNation
Current servers:
Lil Nib Worshippers
Spambox
Family
ControlEngineering
BotNation
Current servers:
Lil Nib Worshippers
Spambox
Family
ControlEngineering
BotNation
Current servers:
Lil Nib Worshippers
Spambox
Family
ControlEngineering
BotNation
Current servers:
Lil Nib Worshippers
Spambox
Family
ControlEngineering
BotNation
Current servers:
Lil Nib Worshippers
Spambox
Family
ControlEngineering
BotNation
Current servers:
Lil Nib Worshippers
Spambox
Family
ControlEngineering
BotNation
Current servers:
Lil Nib Worshippers
Spambox
Family
ControlEngineering
BotNation
Current servers:
Lil Nib Worshippers
Spambox
Family
ControlEngineering
BotNation
Current servers:
Lil Nib Worshippers
Spambox
Family
ControlEngineering
BotNation
Current servers:
Lil Nib Worshippers
Spambox
Family
ControlEngineering
BotNation
Current servers:
Lil Nib Worshippers
Spambox
Family
ControlEngineering
BotNation
Current servers:
Lil Nib Worshippers
Spambox
Family
ControlEngineering
BotNation
Current servers:
Lil Nib Worshippers
Spambox
Family
ControlEngineering
BotNation
Current servers:
Lil Nib Worshippers
Spambox
Family
ControlEngineering
BotNation
Current servers:
Lil Nib Worshippers
Spambox
Family
ControlEngineering
BotNation
Current servers:
Lil Nib Worshippers
Spambox
Family
ControlEngineering
BotNation
Current servers:
Lil Nib Worshippers
Spambox
Family
ControlEngineering
BotNation
Current servers:
Lil Nib Worshippers
Spambox
Family
ControlEngineering
BotNation
Current servers:
Lil Nib Worshippers
Spambox
Family
ControlEngineering
BotNation
Current servers:
Lil Nib Worshippers
Spambox
Family
ControlEngineering
BotNation
Current servers:
Lil Nib Worshippers
Spambox
Family
ControlEngineering
BotNation
Current servers:
Lil Nib Worshippers
Spambox
Family
ControlEngineering
BotNation
Current servers:
Lil Nib Worshippers
Spambox
Family
ControlEngineering
BotNation
Current servers:
Lil Nib Worshippers
Spambox
Family
ControlEngineering
BotNation
Current servers:
Lil Nib Worshippers
Spambox
Family
ControlEngineering
BotNation
Current servers:
Lil Nib Worshippers
Spambox
Family
ControlEngineering
BotNation
Current servers:
Lil Nib Worshippers
Spambox
Family
ControlEngineering
BotNation
Current servers:
Lil Nib Worshippers
Spambox
Family
ControlEngineering
BotNation
Current servers:
Lil Nib Worshippers
Spambox
Family
ControlEngineering
BotNation
Current servers:
Lil Nib Worshippers
Spambox
Family
ControlEngineering
BotNation
Current servers:
Lil Nib Worshippers
Spambox
Family
ControlEngineering
BotNation
Current servers:
Lil Nib Worshippers
Spambox
Family
ControlEngineering
BotNation
Current servers:
Lil Nib Worshippers
Spambox
Family
ControlEngineering
BotNation
Current servers:
Lil Nib Worshippers
Spambox
Family
ControlEngineering
BotNation
Current servers:
Lil Nib Worshippers
Spambox
Family
ControlEngineering
BotNation
Current servers:
Lil Nib Worshippers
Spambox
Family
ControlEngineering
BotNation
Current servers:
Lil Nib Worshippers
Spambox
Family
ControlEngineering
BotNation
Current servers:
Lil Nib Worshippers
Spambox
Family
ControlEngineering
BotNation
Current servers:
Lil Nib Worshippers
Spambox
Family
ControlEngineering
BotNation
Current servers:
Lil Nib Worshippers
Spambox
Family
ControlEngineering
BotNation
Current servers:
Lil Nib Worshippers
Spambox
Family
ControlEngineering
BotNation
Current servers:
Lil Nib Worshippers
Spambox
Family
ControlEngineering
BotNation
Current servers:
Lil Nib Worshippers
Spambox
Family
ControlEngineering
BotNation
Current servers:
Lil Nib Worshippers
Spambox
Family
ControlEngineering
BotNation
Current servers:
Lil Nib Worshippers
Spambox
Family
ControlEngineering
BotNation
Current servers:
Lil Nib Worshippers
Spambox
Family
ControlEngineering
BotNation
Current servers:
Lil Nib Worshippers
Spambox
Family
ControlEngineering
BotNation
Current servers:
Lil Nib Worshippers
Spambox
Family
ControlEngineering
BotNation
Current servers:
Lil Nib Worshippers
Spambox
Family
ControlEngineering
BotNation
Current servers:
Lil Nib Worshippers
Spambox
Family
ControlEngineering
BotNation
Current servers:
Lil Nib Worshippers
Spambox
Family
ControlEngineering
BotNation
Current servers:
Lil Nib Worshippers
Spambox
Family
ControlEngineering
BotNation
Current servers:
Lil Nib Worshippers
Spambox
Family
ControlEngineering
BotNation
Current servers:
Lil Nib Worshippers
Spambox
Family
ControlEngineering
BotNation
Current servers:
Lil Nib Worshippers
Spambox
Family
ControlEngineering
BotNation
Current servers:
Lil Nib Worshippers
Spambox
Family
ControlEngineering
BotNation
Current servers:
Lil Nib Worshippers
Spambox
Family
ControlEngineering
BotNation
Current servers:
Lil Nib Worshippers
Spambox
Family
ControlEngineering
BotNation
Current servers:
Lil Nib Worshippers
Spambox
Family
ControlEngineering
BotNation
Current servers:
Lil Nib Worshippers
Spambox
Family
ControlEngineering
BotNation
Current servers:
Lil Nib Worshippers
Spambox
Family
ControlEngineering
BotNation
Current servers:
Lil Nib Worshippers
Spambox
Family
ControlEngineering
BotNation
Current servers:
Lil Nib Worshippers
Spambox
Family
ControlEngineering
BotNation
Current servers:
Lil Nib Worshippers
Spambox
Family
ControlEngineering
BotNation
Current servers:
Lil Nib Worshippers
Spambox
Family
ControlEngineering
BotNation
Current servers:
Lil Nib Worshippers
Spambox
Family
ControlEngineering
BotNation
Current servers:
Lil Nib Worshippers
Spambox
Family
ControlEngineering
BotNation
Current servers:
Lil Nib Worshippers
Spambox
Family
ControlEngineering
BotNation
Current servers:
Lil Nib Worshippers
Spambox
Family
ControlEngineering
BotNation
Current servers:
Lil Nib Worshippers
Spambox
Family
ControlEngineering
BotNation
Current servers:
Lil Nib Worshippers
Spambox
Family
ControlEngineering
BotNation
Current servers:
Lil Nib Worshippers
Spambox
Family
ControlEngineering
BotNation
Current servers:
Lil Nib Worshippers
Spambox
Family
ControlEngineering
BotNation
Current servers:
Lil Nib Worshippers
Spambox
Family
ControlEngineering
BotNation
Current servers:
Lil Nib Worshippers
Spambox
Family
ControlEngineering
BotNation
Current servers:
Lil Nib Worshippers
Spambox
Family
ControlEngineering
BotNation
Current servers:
Lil Nib Worshippers
Spambox
Family
ControlEngineering
BotNation
Current servers:
Lil Nib Worshippers
Spambox
Family
ControlEngineering
BotNation
Current servers:
Lil Nib Worshippers
Spambox
Family
ControlEngineering
BotNation
Current servers:
Lil Nib Worshippers
Spambox
Family
ControlEngineering
BotNation
Current servers:
Lil Nib Worshippers
Spambox
Family
ControlEngineering
BotNation
Current servers:
Lil Nib Worshippers
Spambox
Family
ControlEngineering
BotNation
Current servers:
Lil Nib Worshippers
Spambox
Family
ControlEngineering
BotNation
Current servers:
Lil Nib Worshippers
Spambox
Family
ControlEngineering
BotNation
Current servers:
Lil Nib Worshippers
Spambox
Family
ControlEngineering
BotNation
Current servers:
Lil Nib Worshippers
Spambox
Family
ControlEngineering
BotNation
Current servers:
Lil Nib Worshippers
Spambox
Family
ControlEngineering
BotNation
Current servers:
Lil Nib Worshippers
Spambox
Family
ControlEngineering
BotNation
Current servers:
Lil Nib Worshippers
Spambox
Family
ControlEngineering
BotNation
Current servers:
Lil Nib Worshippers
Spambox
Family
ControlEngineering
BotNation
Current servers:
Lil Nib Worshippers
Spambox
Family
ControlEngineering
BotNation
Current servers:
Lil Nib Worshippers
Spambox
Family
ControlEngineering
BotNation
Current servers:
Lil Nib Worshippers
Spambox
Family
ControlEngineering
BotNation
Current servers:
Lil Nib Worshippers
Spambox
Family
ControlEngineering
BotNation
Current servers:
Lil Nib Worshippers
Spambox
Family
ControlEngineering
BotNation
Current servers:
Lil Nib Worshippers
Spambox
Family
ControlEngineering
BotNation
Current servers:
Lil Nib Worshippers
Spambox
Family
ControlEngineering
BotNation
Current servers:
Lil Nib Worshippers
Spambox
Family
ControlEngineering
BotNation
Current servers:
Lil Nib Worshippers
Spambox
Family
ControlEngineering
BotNation
Current servers:
Lil Nib Worshippers
Spambox
Family
ControlEngineering
BotNation
Current servers:
Lil Nib Worshippers
Spambox
Family
ControlEngineering
BotNation
Current servers:
Lil Nib Worshippers
Spambox
Family
ControlEngineering
BotNation
Current servers:
Lil Nib Worshippers
Spambox
Family
ControlEngineering
BotNation
Current servers:
Lil Nib Worshippers
Spambox
Family
ControlEngineering
BotNation
Current servers:
Lil Nib Worshippers
Spambox
Family
ControlEngineering
BotNation
Current servers:
Lil Nib Worshippers
Spambox
Family
ControlEngineering
BotNation
Current servers:
Lil Nib Worshippers
Spambox
Family
ControlEngineering
BotNation
Current servers:
Lil Nib Worshippers
Spambox
Family
ControlEngineering
BotNation
Current servers:
Lil Nib Worshippers
Spambox
Family
ControlEngineering
BotNation
Current servers:
Lil Nib Worshippers
Spambox
Family
ControlEngineering
BotNation
Current servers:
Lil Nib Worshippers
Spambox
Family
ControlEngineering
BotNation
Current servers:
Lil Nib Worshippers
Spambox
Family
ControlEngineering
BotNation
Current servers:
Lil Nib Worshippers
Spambox
Family
ControlEngineering
BotNation
Current servers:
Lil Nib Worshippers
Spambox
Family
ControlEngineering
BotNation
Current servers:
Lil Nib Worshippers
Spambox
Family
ControlEngineering
BotNation
Current servers:
Lil Nib Worshippers
Spambox
Family
ControlEngineering
BotNation
Current servers:
Lil Nib Worshippers
Spambox
Family
ControlEngineering
BotNation
Current servers:
Lil Nib Worshippers
Spambox
Family
ControlEngineering
BotNation
Current servers:
Lil Nib Worshippers
Spambox
Family
ControlEngineering
BotNation
Current servers:
Lil Nib Worshippers
Spambox
Family
ControlEngineering
BotNation
Current servers:
Lil Nib Worshippers
Spambox
Family
ControlEngineering
BotNation
Current servers:
Lil Nib Worshippers
Spambox
Family
ControlEngineering
BotNation
Current servers:
Lil Nib Worshippers
Spambox
Family
ControlEngineering
BotNation
Current servers:
Lil Nib Worshippers
Spambox
Family
ControlEngineering
BotNation
Current servers:
Lil Nib Worshippers
Spambox
Family
ControlEngineering
BotNation
Current servers:
Lil Nib Worshippers
Spambox
Family
ControlEngineering
BotNation
Current servers:
Lil Nib Worshippers
Spambox
Family
ControlEngineering
BotNation
Current servers:
Lil Nib Worshippers
Spambox
Family
ControlEngineering
BotNation
Current servers:
Lil Nib Worshippers
Spambox
Family
ControlEngineering
BotNation
Current servers:
Lil Nib Worshippers
Spambox
Family
ControlEngineering
BotNation
Current servers:
Lil Nib Worshippers
Spambox
Family
ControlEngineering
BotNation
Current servers:
Lil Nib Worshippers
Spambox
Family
ControlEngineering
BotNation
Current servers:
Lil Nib Worshippers
Spambox
Family
ControlEngineering
BotNation
Current servers:
Lil Nib Worshippers
Spambox
Family
ControlEngineering
BotNation
Current servers:
Lil Nib Worshippers
Spambox
Family
ControlEngineering
BotNation
Current servers:
Lil Nib Worshippers
Spambox
Family
ControlEngineering
BotNation
Current servers:
Lil Nib Worshippers
Spambox
Family
ControlEngineering
BotNation
Current servers:
Lil Nib Worshippers
Spambox
Family
ControlEngineering
BotNation
Current servers:
Lil Nib Worshippers
Spambox
Family
ControlEngineering
BotNation
Current servers:
Lil Nib Worshippers
Spambox
Family
ControlEngineering
BotNation
Current servers:
Lil Nib Worshippers
Spambox
Family
ControlEngineering
BotNation
Current servers:
Lil Nib Worshippers
Spambox
Family
ControlEngineering
BotNation
Current servers:
Lil Nib Worshippers
Spambox
Family
ControlEngineering
BotNation
Current servers:
Lil Nib Worshippers
Spambox
Family
ControlEngineering
BotNation
Current servers:
Lil Nib Worshippers
Spambox
Family
ControlEngineering
BotNation
Current servers:
Lil Nib Worshippers
Spambox
Family
ControlEngineering
BotNation
Current servers:
Lil Nib Worshippers
Spambox
Family
ControlEngineering
BotNation
Current servers:
Lil Nib Worshippers
Spambox
Family
ControlEngineering
BotNation
Current servers:
Lil Nib Worshippers
Spambox
Family
ControlEngineering
BotNation
Current servers:
Lil Nib Worshippers
Spambox
Family
ControlEngineering
BotNation
Current servers:
Lil Nib Worshippers
Spambox
Family
ControlEngineering
BotNation
Current servers:
Lil Nib Worshippers
Spambox
Family
ControlEngineering
BotNation
Current servers:
Lil Nib Worshippers
Spambox
Family
ControlEngineering
BotNation
Current servers:
Lil Nib Worshippers
Spambox
Family
ControlEngineering
BotNation
Current servers:
Lil Nib Worshippers
Spambox
Family
ControlEngineering
BotNation
Current servers:
Lil Nib Worshippers
Spambox
Family
ControlEngineering
BotNation
Current servers:
Lil Nib Worshippers
Spambox
Family
ControlEngineering
BotNation
Current servers:Ignoring exception in command kill
Traceback (most recent call last):
  File "/usr/local/lib/python3.5/dist-packages/discord/ext/commands/core.py", line 50, in wrapped
    ret = yield from coro(*args, **kwargs)
  File "Falconbot.py", line 195, in kill
    await client.change_nickname(context.message.mentions[0],'Ded '+ context.message.mentions[0].display_name)
  File "/usr/local/lib/python3.5/dist-packages/discord/client.py", line 1966, in change_nickname
    yield from self.http.change_nickname(member.server.id, member.id, nickname)
  File "/usr/local/lib/python3.5/dist-packages/discord/http.py", line 200, in request
    raise HTTPException(r, data)
discord.errors.HTTPException: BAD REQUEST (status code: 400)

The above exception was the direct cause of the following exception:

Traceback (most recent call last):
  File "/usr/local/lib/python3.5/dist-packages/discord/ext/commands/bot.py", line 846, in process_commands
    yield from command.invoke(ctx)
  File "/usr/local/lib/python3.5/dist-packages/discord/ext/commands/core.py", line 374, in invoke
    yield from injected(*ctx.args, **ctx.kwargs)
  File "/usr/local/lib/python3.5/dist-packages/discord/ext/commands/core.py", line 54, in wrapped
    raise CommandInvokeError(e) from e
discord.ext.commands.errors.CommandInvokeError: Command raised an exception: HTTPException: BAD REQUEST (status code: 400)
Ignoring exception in command kill
Traceback (most recent call last):
  File "/usr/local/lib/python3.5/dist-packages/discord/ext/commands/core.py", line 50, in wrapped
    ret = yield from coro(*args, **kwargs)
  File "Falconbot.py", line 195, in kill
    await client.change_nickname(context.message.mentions[0],'Ded '+ context.message.mentions[0].display_name)
  File "/usr/local/lib/python3.5/dist-packages/discord/client.py", line 1966, in change_nickname
    yield from self.http.change_nickname(member.server.id, member.id, nickname)
  File "/usr/local/lib/python3.5/dist-packages/discord/http.py", line 200, in request
    raise HTTPException(r, data)
discord.errors.HTTPException: BAD REQUEST (status code: 400)

The above exception was the direct cause of the following exception:

Traceback (most recent call last):
  File "/usr/local/lib/python3.5/dist-packages/discord/ext/commands/bot.py", line 846, in process_commands
    yield from command.invoke(ctx)
  File "/usr/local/lib/python3.5/dist-packages/discord/ext/commands/core.py", line 374, in invoke
    yield from injected(*ctx.args, **ctx.kwargs)
  File "/usr/local/lib/python3.5/dist-packages/discord/ext/commands/core.py", line 54, in wrapped
    raise CommandInvokeError(e) from e
discord.ext.commands.errors.CommandInvokeError: Command raised an exception: HTTPException: BAD REQUEST (status code: 400)
Ignoring exception in command kill
Traceback (most recent call last):
  File "/usr/local/lib/python3.5/dist-packages/discord/ext/commands/core.py", line 50, in wrapped
    ret = yield from coro(*args, **kwargs)
  File "Falconbot.py", line 195, in kill
    await client.change_nickname(context.message.mentions[0],'Ded '+ context.message.mentions[0].display_name)
  File "/usr/local/lib/python3.5/dist-packages/discord/client.py", line 1966, in change_nickname
    yield from self.http.change_nickname(member.server.id, member.id, nickname)
  File "/usr/local/lib/python3.5/dist-packages/discord/http.py", line 200, in request
    raise HTTPException(r, data)
discord.errors.HTTPException: BAD REQUEST (status code: 400)

The above exception was the direct cause of the following exception:

Traceback (most recent call last):
  File "/usr/local/lib/python3.5/dist-packages/discord/ext/commands/bot.py", line 846, in process_commands
    yield from command.invoke(ctx)
  File "/usr/local/lib/python3.5/dist-packages/discord/ext/commands/core.py", line 374, in invoke
    yield from injected(*ctx.args, **ctx.kwargs)
  File "/usr/local/lib/python3.5/dist-packages/discord/ext/commands/core.py", line 54, in wrapped
    raise CommandInvokeError(e) from e
discord.ext.commands.errors.CommandInvokeError: Command raised an exception: HTTPException: BAD REQUEST (status code: 400)
Ignoring exception in command kill
Traceback (most recent call last):
  File "/usr/local/lib/python3.5/dist-packages/discord/ext/commands/core.py", line 50, in wrapped
    ret = yield from coro(*args, **kwargs)
  File "Falconbot.py", line 195, in kill
    await client.change_nickname(context.message.mentions[0],'Ded '+ context.message.mentions[0].display_name)
  File "/usr/local/lib/python3.5/dist-packages/discord/client.py", line 1966, in change_nickname
    yield from self.http.change_nickname(member.server.id, member.id, nickname)
  File "/usr/local/lib/python3.5/dist-packages/discord/http.py", line 200, in request
    raise HTTPException(r, data)
discord.errors.HTTPException: BAD REQUEST (status code: 400)

The above exception was the direct cause of the following exception:

Traceback (most recent call last):
  File "/usr/local/lib/python3.5/dist-packages/discord/ext/commands/bot.py", line 846, in process_commands
    yield from command.invoke(ctx)
  File "/usr/local/lib/python3.5/dist-packages/discord/ext/commands/core.py", line 374, in invoke
    yield from injected(*ctx.args, **ctx.kwargs)
  File "/usr/local/lib/python3.5/dist-packages/discord/ext/commands/core.py", line 54, in wrapped
    raise CommandInvokeError(e) from e
discord.ext.commands.errors.CommandInvokeError: Command raised an exception: HTTPException: BAD REQUEST (status code: 400)
Ignoring exception in command kill
Traceback (most recent call last):
  File "/usr/local/lib/python3.5/dist-packages/discord/ext/commands/core.py", line 50, in wrapped
    ret = yield from coro(*args, **kwargs)
  File "Falconbot.py", line 195, in kill
    await client.change_nickname(context.message.mentions[0],'Ded '+ context.message.mentions[0].display_name)
  File "/usr/local/lib/python3.5/dist-packages/discord/client.py", line 1966, in change_nickname
    yield from self.http.change_nickname(member.server.id, member.id, nickname)
  File "/usr/local/lib/python3.5/dist-packages/discord/http.py", line 200, in request
    raise HTTPException(r, data)
discord.errors.HTTPException: BAD REQUEST (status code: 400)

The above exception was the direct cause of the following exception:

Traceback (most recent call last):
  File "/usr/local/lib/python3.5/dist-packages/discord/ext/commands/bot.py", line 846, in process_commands
    yield from command.invoke(ctx)
  File "/usr/local/lib/python3.5/dist-packages/discord/ext/commands/core.py", line 374, in invoke
    yield from injected(*ctx.args, **ctx.kwargs)
  File "/usr/local/lib/python3.5/dist-packages/discord/ext/commands/core.py", line 54, in wrapped
    raise CommandInvokeError(e) from e
discord.ext.commands.errors.CommandInvokeError: Command raised an exception: HTTPException: BAD REQUEST (status code: 400)
Ignoring exception in command kill
Traceback (most recent call last):
  File "/usr/local/lib/python3.5/dist-packages/discord/ext/commands/core.py", line 50, in wrapped
    ret = yield from coro(*args, **kwargs)
  File "Falconbot.py", line 195, in kill
    await client.change_nickname(context.message.mentions[0],'Ded '+ context.message.mentions[0].display_name)
  File "/usr/local/lib/python3.5/dist-packages/discord/client.py", line 1966, in change_nickname
    yield from self.http.change_nickname(member.server.id, member.id, nickname)
  File "/usr/local/lib/python3.5/dist-packages/discord/http.py", line 200, in request
    raise HTTPException(r, data)
discord.errors.HTTPException: BAD REQUEST (status code: 400)

The above exception was the direct cause of the following exception:

Traceback (most recent call last):
  File "/usr/local/lib/python3.5/dist-packages/discord/ext/commands/bot.py", line 846, in process_commands
    yield from command.invoke(ctx)
  File "/usr/local/lib/python3.5/dist-packages/discord/ext/commands/core.py", line 374, in invoke
    yield from injected(*ctx.args, **ctx.kwargs)
  File "/usr/local/lib/python3.5/dist-packages/discord/ext/commands/core.py", line 54, in wrapped
    raise CommandInvokeError(e) from e
discord.ext.commands.errors.CommandInvokeError: Command raised an exception: HTTPException: BAD REQUEST (status code: 400)
Ignoring exception in command kill
Traceback (most recent call last):
  File "/usr/local/lib/python3.5/dist-packages/discord/ext/commands/core.py", line 50, in wrapped
    ret = yield from coro(*args, **kwargs)
  File "Falconbot.py", line 195, in kill
    await client.change_nickname(context.message.mentions[0],'Ded '+ context.message.mentions[0].display_name)
  File "/usr/local/lib/python3.5/dist-packages/discord/client.py", line 1966, in change_nickname
    yield from self.http.change_nickname(member.server.id, member.id, nickname)
  File "/usr/local/lib/python3.5/dist-packages/discord/http.py", line 200, in request
    raise HTTPException(r, data)
discord.errors.HTTPException: BAD REQUEST (status code: 400)

The above exception was the direct cause of the following exception:

Traceback (most recent call last):
  File "/usr/local/lib/python3.5/dist-packages/discord/ext/commands/bot.py", line 846, in process_commands
    yield from command.invoke(ctx)
  File "/usr/local/lib/python3.5/dist-packages/discord/ext/commands/core.py", line 374, in invoke
    yield from injected(*ctx.args, **ctx.kwargs)
  File "/usr/local/lib/python3.5/dist-packages/discord/ext/commands/core.py", line 54, in wrapped
    raise CommandInvokeError(e) from e
discord.ext.commands.errors.CommandInvokeError: Command raised an exception: HTTPException: BAD REQUEST (status code: 400)
Ignoring exception in command kill
Traceback (most recent call last):
  File "/usr/local/lib/python3.5/dist-packages/discord/ext/commands/core.py", line 50, in wrapped
    ret = yield from coro(*args, **kwargs)
  File "Falconbot.py", line 195, in kill
    await client.change_nickname(context.message.mentions[0],'Ded '+ context.message.mentions[0].display_name)
  File "/usr/local/lib/python3.5/dist-packages/discord/client.py", line 1966, in change_nickname
    yield from self.http.change_nickname(member.server.id, member.id, nickname)
  File "/usr/local/lib/python3.5/dist-packages/discord/http.py", line 200, in request
    raise HTTPException(r, data)
discord.errors.HTTPException: BAD REQUEST (status code: 400)

The above exception was the direct cause of the following exception:

Traceback (most recent call last):
  File "/usr/local/lib/python3.5/dist-packages/discord/ext/commands/bot.py", line 846, in process_commands
    yield from command.invoke(ctx)
  File "/usr/local/lib/python3.5/dist-packages/discord/ext/commands/core.py", line 374, in invoke
    yield from injected(*ctx.args, **ctx.kwargs)
  File "/usr/local/lib/python3.5/dist-packages/discord/ext/commands/core.py", line 54, in wrapped
    raise CommandInvokeError(e) from e
discord.ext.commands.errors.CommandInvokeError: Command raised an exception: HTTPException: BAD REQUEST (status code: 400)

Lil Nib Worshippers
Spambox
Family
ControlEngineering
BotNation
Current servers:
Lil Nib Worshippers
Spambox
Family
ControlEngineering
BotNation
Current servers:
Lil Nib Worshippers
Spambox
Family
ControlEngineering
BotNation
Current servers:
Lil Nib Worshippers
Spambox
Family
ControlEngineering
BotNation
Current servers:
Lil Nib Worshippers
Spambox
Family
ControlEngineering
BotNation
Current servers:
Lil Nib Worshippers
Spambox
Family
ControlEngineering
BotNation
Current servers:
Lil Nib Worshippers
Spambox
Family
ControlEngineering
BotNation
Current servers:
Lil Nib Worshippers
Spambox
Family
ControlEngineering
BotNation
Current servers:
Lil Nib Worshippers
Spambox
Family
ControlEngineering
BotNation
Current servers:
Lil Nib Worshippers
Spambox
Family
ControlEngineering
BotNation
Current servers:
Lil Nib Worshippers
Spambox
Family
ControlEngineering
BotNation
Current servers:
Lil Nib Worshippers
Spambox
Family
ControlEngineering
BotNation
Current servers:
Lil Nib Worshippers
Spambox
Family
ControlEngineering
BotNation
Current servers:
Lil Nib Worshippers
Spambox
Family
ControlEngineering
BotNation
Current servers:
Lil Nib Worshippers
Spambox
Family
ControlEngineering
BotNation
Current servers:
Lil Nib Worshippers
Spambox
Family
ControlEngineering
BotNation
Current servers:
Lil Nib Worshippers
Spambox
Family
ControlEngineering
BotNation
Current servers:
Lil Nib Worshippers
Spambox
Family
ControlEngineering
BotNation
Current servers:
Lil Nib Worshippers
Spambox
Family
ControlEngineering
BotNation
Current servers:
Lil Nib Worshippers
Spambox
Family
ControlEngineering
BotNation
Current servers:
Lil Nib Worshippers
Spambox
Family
ControlEngineering
BotNation
Current servers:
Lil Nib Worshippers
Spambox
Family
ControlEngineering
BotNation
Current servers:
Lil Nib Worshippers
Spambox
Family
ControlEngineering
BotNation
Current servers:
Lil Nib Worshippers
Spambox
Family
ControlEngineering
BotNation
Current servers:
Lil Nib Worshippers
Spambox
Family
ControlEngineering
BotNation
Current servers:
Lil Nib Worshippers
Spambox
Family
ControlEngineering
BotNation
Current servers:
Lil Nib Worshippers
Spambox
Family
ControlEngineering
BotNation
Current servers:
Lil Nib Worshippers
Spambox
Family
ControlEngineering
BotNation
Current servers:
Lil Nib Worshippers
Spambox
Family
ControlEngineering
BotNation
Current servers:
Lil Nib Worshippers
Spambox
Family
ControlEngineering
BotNation
Current servers:
Lil Nib Worshippers
Spambox
Family
ControlEngineering
BotNation
Current servers:
Lil Nib Worshippers
Spambox
Family
ControlEngineering
BotNation
Current servers:
Lil Nib Worshippers
Spambox
Family
ControlEngineering
BotNation
Current servers:
Lil Nib Worshippers
Spambox
Family
ControlEngineering
BotNation
Current servers:
Lil Nib Worshippers
Spambox
Family
ControlEngineering
BotNation
Current servers:
Lil Nib Worshippers
Spambox
Family
ControlEngineering
BotNation
Current servers:
Lil Nib Worshippers
Spambox
Family
ControlEngineering
BotNation
Current servers:
Lil Nib Worshippers
Spambox
Family
ControlEngineering
BotNation
Current servers:
Lil Nib Worshippers
Spambox
Family
ControlEngineering
BotNation
Current servers:
Lil Nib Worshippers
Spambox
Family
ControlEngineering
BotNation
Current servers:
Lil Nib Worshippers
Spambox
Family
ControlEngineering
BotNation
Current servers:
Lil Nib Worshippers
Spambox
Family
ControlEngineering
BotNation
Current servers:
Lil Nib Worshippers
Spambox
Family
ControlEngineering
BotNation
Current servers:
Lil Nib Worshippers
Spambox
Family
ControlEngineering
BotNation
Current servers:
Lil Nib Worshippers
Spambox
Family
ControlEngineering
BotNation
Current servers:
Lil Nib Worshippers
Spambox
Family
ControlEngineering
BotNation
Current servers:
Lil Nib Worshippers
Spambox
Family
ControlEngineering
BotNation
Current servers:
Lil Nib Worshippers
Spambox
Family
ControlEngineering
BotNation
Current servers:
Lil Nib Worshippers
Spambox
Family
ControlEngineering
BotNation
Current servers:
Lil Nib Worshippers
Spambox
Family
ControlEngineering
BotNation
Current servers:
Lil Nib Worshippers
Spambox
Family
ControlEngineering
BotNation
Current servers:
Lil Nib Worshippers
Spambox
Family
ControlEngineering
BotNation
Current servers:
Lil Nib Worshippers
Spambox
Family
ControlEngineering
BotNation
Current servers:
Lil Nib Worshippers
Spambox
Family
ControlEngineering
BotNation
Current servers:
Lil Nib Worshippers
Spambox
Family
ControlEngineering
BotNation
Current servers:
Lil Nib Worshippers
Spambox
Family
ControlEngineering
BotNation
Current servers:
Lil Nib Worshippers
Spambox
Family
ControlEngineering
BotNation
Current servers:
Lil Nib Worshippers
Spambox
Family
ControlEngineering
BotNation
Current servers:
Lil Nib Worshippers
Spambox
Family
ControlEngineering
BotNation
Current servers:
Lil Nib Worshippers
Spambox
Family
ControlEngineering
BotNation
Current servers:
Lil Nib Worshippers
Spambox
Family
ControlEngineering
BotNation
Current servers:
Lil Nib Worshippers
Spambox
Family
ControlEngineering
BotNation
Current servers:
Lil Nib Worshippers
Spambox
Family
ControlEngineering
BotNation
Current servers:
Lil Nib Worshippers
Spambox
Family
ControlEngineering
BotNation
Current servers:
Lil Nib Worshippers
Spambox
Family
ControlEngineering
BotNation
Current servers:
Lil Nib Worshippers
Spambox
Family
ControlEngineering
BotNation
Current servers:
Lil Nib Worshippers
Spambox
Family
ControlEngineering
BotNation
Current servers:
Lil Nib Worshippers
Spambox
Family
ControlEngineering
BotNation
Current servers:
Lil Nib Worshippers
Spambox
Family
ControlEngineering
BotNation
Current servers:
Lil Nib Worshippers
Spambox
Family
ControlEngineering
BotNation
Current servers:
Lil Nib Worshippers
Spambox
Family
ControlEngineering
BotNation
Current servers:
Lil Nib Worshippers
Spambox
Family
ControlEngineering
BotNation
Current servers:
Lil Nib Worshippers
Spambox
Family
ControlEngineering
BotNation
Current servers:
Lil Nib Worshippers
Spambox
Family
ControlEngineering
BotNation
Current servers:
Lil Nib Worshippers
Spambox
Family
ControlEngineering
BotNation
Current servers:
Lil Nib Worshippers
Spambox
Family
ControlEngineering
BotNation
Current servers:
Lil Nib Worshippers
Spambox
Family
ControlEngineering
BotNation
Current servers:
Lil Nib Worshippers
Spambox
Family
ControlEngineering
BotNation
Current servers:
Lil Nib Worshippers
Spambox
Family
ControlEngineering
BotNation
Current servers:
Lil Nib Worshippers
Spambox
Family
ControlEngineering
BotNation
Current servers:
Lil Nib Worshippers
Spambox
Family
ControlEngineering
BotNation
Current servers:
Lil Nib Worshippers
Spambox
Family
ControlEngineering
BotNation
Current servers:
Lil Nib Worshippers
Spambox
Family
ControlEngineering
BotNation
Current servers:
Lil Nib Worshippers
Spambox
Family
ControlEngineering
BotNation
Current servers:
Lil Nib Worshippers
Spambox
Family
ControlEngineering
BotNation
Current servers:
Lil Nib Worshippers
Spambox
Family
ControlEngineering
BotNation
Current servers:
Lil Nib Worshippers
Spambox
Family
ControlEngineering
BotNation
Current servers:
Lil Nib Worshippers
Spambox
Family
ControlEngineering
BotNation
Current servers:
Lil Nib Worshippers
Spambox
Family
ControlEngineering
BotNation
Current servers:
Lil Nib Worshippers
Spambox
Family
ControlEngineering
BotNation
Current servers:
Lil Nib Worshippers
Spambox
Family
ControlEngineering
BotNation
Current servers:
Lil Nib Worshippers
Spambox
Family
ControlEngineering
BotNation
Current servers:
Lil Nib Worshippers
Spambox
Family
ControlEngineering
BotNation
Current servers:
Lil Nib Worshippers
Spambox
Family
ControlEngineering
BotNation
Current servers:
Lil Nib Worshippers
Spambox
Family
ControlEngineering
BotNation
Current servers:
Lil Nib Worshippers
Spambox
Family
ControlEngineering
BotNation
Current servers:
Lil Nib Worshippers
Spambox
Family
ControlEngineering
BotNation
Current servers:
Lil Nib Worshippers
Spambox
Family
ControlEngineering
BotNation
Current servers:
Lil Nib Worshippers
Spambox
Family
ControlEngineering
BotNation
Current servers:
Lil Nib Worshippers
Spambox
Family
ControlEngineering
BotNation
Current servers:
Lil Nib Worshippers
Spambox
Family
ControlEngineering
BotNation
Current servers:
Lil Nib Worshippers
Spambox
Family
ControlEngineering
BotNation
Current servers:
Lil Nib Worshippers
Spambox
Family
ControlEngineering
BotNation
Current servers:
Lil Nib Worshippers
Spambox
Family
ControlEngineering
BotNation
Current servers:
Lil Nib Worshippers
Spambox
Family
ControlEngineering
BotNation
Current servers:
Lil Nib Worshippers
Spambox
Family
ControlEngineering
BotNation
Current servers:
Lil Nib Worshippers
Spambox
Family
ControlEngineering
BotNation
Current servers:
Lil Nib Worshippers
Spambox
Family
ControlEngineering
BotNation
Current servers:
Lil Nib Worshippers
Spambox
Family
ControlEngineering
BotNation
Current servers:
Lil Nib Worshippers
Spambox
Family
ControlEngineering
BotNation
Current servers:
Lil Nib Worshippers
Spambox
Family
ControlEngineering
BotNation
Current servers:
Lil Nib Worshippers
Spambox
Family
ControlEngineering
BotNation
Current servers:
Lil Nib Worshippers
Spambox
Family
ControlEngineering
BotNation
Current servers:
Lil Nib Worshippers
Spambox
Family
ControlEngineering
BotNation
Current servers:
Lil Nib Worshippers
Spambox
Family
ControlEngineering
BotNation
Current servers:
Lil Nib Worshippers
Spambox
Family
ControlEngineering
BotNation
Current servers:
Lil Nib Worshippers
Spambox
Family
ControlEngineering
BotNation
Current servers:
Lil Nib Worshippers
Spambox
Family
ControlEngineering
BotNation
Current servers:
Lil Nib Worshippers
Spambox
Family
ControlEngineering
BotNation
Current servers:
Lil Nib Worshippers
Spambox
Family
ControlEngineering
BotNation
Current servers:
Lil Nib Worshippers
Spambox
Family
ControlEngineering
BotNation
Current servers:
Lil Nib Worshippers
Spambox
Family
ControlEngineering
BotNation
Current servers:
Lil Nib Worshippers
Spambox
Family
ControlEngineering
BotNation
Current servers:
Lil Nib Worshippers
Spambox
Family
ControlEngineering
BotNation
Current servers:
Lil Nib Worshippers
Spambox
Family
ControlEngineering
BotNation
Current servers:
Lil Nib Worshippers
Spambox
Family
ControlEngineering
BotNation
Current servers:
Lil Nib Worshippers
Spambox
Family
ControlEngineering
BotNation
Current servers:
Lil Nib Worshippers
Spambox
Family
ControlEngineering
BotNation
Task was destroyed but it is pending!
task: <Task pending coro=<list_servers() running at Falconbot.py:431> wait_for=<Future pending cb=[Task._wakeup()]>>
/falconshare/FalconBot
Current servers:
Family
Spambox
BotNation
ControlEngineering
Lil Nib Worshippers
Logged in as FalconBot
Current servers:
Family
Spambox
BotNation
ControlEngineering
Lil Nib Worshippers
Current servers:
Family
Spambox
BotNation
ControlEngineering
Lil Nib Worshippers
Current servers:
Family
Spambox
BotNation
ControlEngineering
Lil Nib Worshippers
Current servers:
Family
Spambox
BotNation
ControlEngineering
Lil Nib Worshippers
Current servers:
Family
Spambox
BotNation
ControlEngineering
Lil Nib Worshippers
Current servers:
Family
Spambox
BotNation
ControlEngineering
Lil Nib Worshippers
Current servers:
Family
Spambox
BotNation
ControlEngineering
Lil Nib Worshippers
Current servers:
Family
Spambox
BotNation
ControlEngineering
Lil Nib Worshippers
Current servers:
Family
Spambox
BotNation
ControlEngineering
Lil Nib Worshippers
Current servers:
Family
Spambox
BotNation
ControlEngineering
Lil Nib Worshippers
Current servers:
Family
Spambox
BotNation
ControlEngineering
Lil Nib Worshippers
Current servers:
Family
Spambox
BotNation
ControlEngineering
Lil Nib Worshippers
Current servers:
Family
Spambox
BotNation
ControlEngineering
Lil Nib Worshippers
Current servers:
Family
Spambox
BotNation
ControlEngineering
Lil Nib Worshippers
Current servers:
Family
Spambox
BotNation
ControlEngineering
Lil Nib Worshippers
Current servers:
Family
Spambox
BotNation
ControlEngineering
Lil Nib Worshippers
Current servers:
Family
Spambox
BotNation
ControlEngineering
Lil Nib Worshippers
Current servers:
Family
Spambox
BotNation
ControlEngineering
Lil Nib Worshippers
Current servers:
Family
Spambox
BotNation
ControlEngineering
Lil Nib Worshippers
Current servers:
Family
Spambox
BotNation
ControlEngineering
Lil Nib Worshippers
Current servers:
Family
Spambox
BotNation
ControlEngineering
Lil Nib Worshippers
Current servers:
Family
Spambox
BotNation
ControlEngineering
Lil Nib Worshippers
Current servers:
Family
Spambox
BotNation
ControlEngineering
Lil Nib Worshippers
Current servers:
Family
Spambox
BotNation
ControlEngineering
Lil Nib Worshippers
Current servers:
Family
Spambox
BotNation
ControlEngineering
Lil Nib Worshippers
Current servers:
Family
Spambox
BotNation
ControlEngineering
Lil Nib Worshippers
Current servers:
Family
Spambox
BotNation
ControlEngineering
Lil Nib Worshippers
Current servers:
Family
Spambox
BotNation
ControlEngineering
Lil Nib Worshippers
Current servers:
Family
Spambox
BotNation
ControlEngineering
Lil Nib Worshippers
Current servers:
Family
Spambox
BotNation
ControlEngineering
Lil Nib Worshippers
Current servers:
Family
Spambox
BotNation
ControlEngineering
Lil Nib Worshippers
Current servers:
Family
Spambox
BotNation
ControlEngineering
Lil Nib Worshippers
Current servers:
Family
Spambox
BotNation
ControlEngineering
Lil Nib Worshippers
Current servers:
Family
Spambox
BotNation
ControlEngineering
Lil Nib Worshippers
Current servers:
Family
Spambox
BotNation
ControlEngineering
Lil Nib Worshippers
Current servers:
Family
Spambox
BotNation
ControlEngineering
Lil Nib Worshippers
Current servers:
Family
Spambox
BotNation
ControlEngineering
Lil Nib Worshippers
Current servers:
Family
Spambox
BotNation
ControlEngineering
Lil Nib Worshippers
Current servers:
Family
Spambox
BotNation
ControlEngineering
Lil Nib Worshippers
Current servers:
Family
Spambox
BotNation
ControlEngineering
Lil Nib Worshippers
Current servers:
Family
Spambox
BotNation
ControlEngineering
Lil Nib Worshippers
Current servers:
Family
Spambox
BotNation
ControlEngineering
Lil Nib Worshippers
Current servers:
Family
Spambox
BotNation
ControlEngineering
Lil Nib Worshippers
Current servers:
Family
Spambox
BotNation
ControlEngineering
Lil Nib Worshippers
Current servers:
Family
Spambox
BotNation
ControlEngineering
Lil Nib Worshippers
Current servers:
Family
Spambox
BotNation
ControlEngineering
Lil Nib Worshippers
Current servers:
Family
Spambox
BotNation
ControlEngineering
Lil Nib Worshippers
Current servers:
Family
Spambox
BotNation
ControlEngineering
Lil Nib Worshippers
Current servers:
Family
Spambox
BotNation
ControlEngineering
Lil Nib Worshippers
Current servers:
Family
Spambox
BotNation
ControlEngineering
Lil Nib Worshippers
Current servers:
Family
Spambox
BotNation
ControlEngineering
Lil Nib Worshippers
Current servers:
Family
Spambox
BotNation
ControlEngineering
Lil Nib Worshippers
Current servers:
Family
Spambox
BotNation
ControlEngineering
Lil Nib Worshippers
Current servers:
Family
Spambox
BotNation
ControlEngineering
Lil Nib Worshippers
Current servers:
Family
Spambox
BotNation
ControlEngineering
Lil Nib Worshippers
Current servers:
Family
Spambox
BotNation
ControlEngineering
Lil Nib Worshippers
Current servers:
Family
Spambox
BotNation
ControlEngineering
Lil Nib Worshippers
Current servers:
Family
Spambox
BotNation
ControlEngineering
Lil Nib Worshippers
Current servers:
Family
Spambox
BotNation
ControlEngineering
Lil Nib Worshippers
Current servers:
Family
Spambox
BotNation
ControlEngineering
Lil Nib Worshippers
Current servers:
Family
Spambox
BotNation
ControlEngineering
Lil Nib Worshippers
Current servers:
Family
Spambox
BotNation
ControlEngineering
Lil Nib Worshippers
Current servers:
Family
Spambox
BotNation
ControlEngineering
Lil Nib Worshippers
Current servers:
Family
Spambox
BotNation
ControlEngineering
Lil Nib Worshippers
Current servers:
Family
Spambox
BotNation
ControlEngineering
Lil Nib Worshippers
Current servers:
Family
Spambox
BotNation
ControlEngineering
Lil Nib Worshippers
Current servers:
Family
Spambox
BotNation
ControlEngineering
Lil Nib Worshippers
Current servers:
Family
Spambox
BotNation
ControlEngineering
Lil Nib Worshippers
Current servers:
Family
Spambox
BotNation
ControlEngineering
Lil Nib Worshippers
Current servers:
Family
Spambox
BotNation
ControlEngineering
Lil Nib Worshippers
Current servers:
Family
Spambox
BotNation
ControlEngineering
Lil Nib Worshippers
Current servers:
Family
Spambox
BotNation
ControlEngineering
Lil Nib Worshippers
Current servers:
Family
Spambox
BotNation
ControlEngineering
Lil Nib Worshippers
Current servers:
Family
Spambox
BotNation
ControlEngineering
Lil Nib Worshippers
Current servers:
Family
Spambox
BotNation
ControlEngineering
Lil Nib Worshippers
Current servers:
Family
Spambox
BotNation
ControlEngineering
Lil Nib Worshippers
Current servers:
Family
Spambox
BotNation
ControlEngineering
Lil Nib Worshippers
Current servers:
Family
Spambox
BotNation
ControlEngineering
Lil Nib Worshippers
Current servers:
Family
Spambox
BotNation
ControlEngineering
Lil Nib Worshippers
Current servers:
Family
Spambox
BotNation
ControlEngineering
Lil Nib Worshippers
Current servers:
Family
Spambox
BotNation
ControlEngineering
Lil Nib Worshippers
Current servers:
Family
Spambox
BotNation
ControlEngineering
Lil Nib Worshippers
Current servers:
Family
Spambox
BotNation
ControlEngineering
Lil Nib Worshippers
Current servers:
Family
Spambox
BotNation
ControlEngineering
Lil Nib Worshippers
Current servers:
Family
Spambox
BotNation
ControlEngineering
Lil Nib Worshippers
Current servers:
Family
Spambox
BotNation
ControlEngineering
Lil Nib Worshippers
Current servers:
Family
Spambox
BotNation
ControlEngineering
Lil Nib Worshippers
Current servers:
Family
Spambox
BotNation
ControlEngineering
Lil Nib Worshippers
Current servers:
Family
Spambox
BotNation
ControlEngineering
Lil Nib Worshippers
Current servers:
Family
Spambox
BotNation
ControlEngineering
Lil Nib Worshippers
Current servers:
Family
Spambox
BotNation
ControlEngineering
Lil Nib Worshippers
Current servers:
Family
Spambox
BotNation
ControlEngineering
Lil Nib Worshippers
Current servers:
Family
Spambox
BotNation
ControlEngineering
Lil Nib Worshippers
Current servers:
Family
Spambox
BotNation
ControlEngineering
Lil Nib Worshippers
Current servers:
Family
Spambox
BotNation
ControlEngineering
Lil Nib Worshippers
Current servers:
Family
Spambox
BotNation
ControlEngineering
Lil Nib Worshippers
Current servers:
Family
Spambox
BotNation
ControlEngineering
Lil Nib Worshippers
Current servers:
Family
Spambox
BotNation
ControlEngineering
Lil Nib Worshippers
Current servers:
Family
Spambox
BotNation
ControlEngineering
Lil Nib Worshippers
Current servers:
Family
Spambox
BotNation
ControlEngineering
Lil Nib Worshippers
Current servers:
Family
Spambox
BotNation
ControlEngineering
Lil Nib Worshippers
Current servers:
Family
Spambox
BotNation
ControlEngineering
Lil Nib Worshippers
Current servers:
Family
Spambox
BotNation
ControlEngineering
Lil Nib Worshippers
Current servers:
Family
Spambox
BotNation
ControlEngineering
Lil Nib Worshippers
Current servers:
Family
Spambox
BotNation
ControlEngineering
Lil Nib Worshippers
Current servers:
Family
Spambox
BotNation
ControlEngineering
Lil Nib Worshippers
Current servers:
Family
Spambox
BotNation
ControlEngineering
Lil Nib Worshippers
Current servers:
Family
Spambox
BotNation
ControlEngineering
Lil Nib Worshippers
Current servers:
Family
Spambox
BotNation
ControlEngineering
Lil Nib Worshippers
Current servers:
Family
Spambox
BotNation
ControlEngineering
Lil Nib Worshippers
Current servers:
Family
Spambox
BotNation
ControlEngineering
Lil Nib Worshippers
Current servers:
Family
Spambox
BotNation
ControlEngineering
Lil Nib Worshippers
Current servers:
Family
Spambox
BotNation
ControlEngineering
Lil Nib Worshippers
Current servers:
Family
Spambox
BotNation
ControlEngineering
Lil Nib Worshippers
Current servers:
Family
Spambox
BotNation
ControlEngineering
Lil Nib Worshippers
Current servers:
Family
Spambox
BotNation
ControlEngineering
Lil Nib Worshippers
Current servers:
Family
Spambox
BotNation
ControlEngineering
Lil Nib Worshippers
Current servers:
Family
Spambox
BotNation
ControlEngineering
Lil Nib Worshippers
Current servers:
Family
Spambox
BotNation
ControlEngineering
Lil Nib Worshippers
Current servers:
Family
Spambox
BotNation
ControlEngineering
Lil Nib Worshippers
Current servers:
Family
Spambox
BotNation
ControlEngineering
Lil Nib Worshippers
Current servers:
Family
Spambox
BotNation
ControlEngineering
Lil Nib Worshippers
Current servers:
Family
Spambox
BotNation
ControlEngineering
Lil Nib Worshippers
Current servers:
Family
Spambox
BotNation
ControlEngineering
Lil Nib Worshippers
Current servers:
Family
Spambox
BotNation
ControlEngineering
Lil Nib Worshippers
Current servers:
Family
Spambox
BotNation
ControlEngineering
Lil Nib Worshippers
Current servers:
Family
Spambox
BotNation
ControlEngineering
Lil Nib Worshippers
Current servers:
Family
Spambox
BotNation
ControlEngineering
Lil Nib Worshippers
Current servers:
Family
Spambox
BotNation
ControlEngineering
Lil Nib Worshippers
Current servers:
Family
Spambox
BotNation
ControlEngineering
Lil Nib Worshippers
Current servers:
Family
Spambox
BotNation
ControlEngineering
Lil Nib Worshippers
Current servers:
Family
Spambox
BotNation
ControlEngineering
Lil Nib Worshippers
Current servers:
Family
Spambox
BotNation
ControlEngineering
Lil Nib Worshippers
Current servers:
Family
Spambox
BotNation
ControlEngineering
Lil Nib Worshippers
Current servers:
Family
Spambox
BotNation
ControlEngineering
Lil Nib Worshippers
Current servers:
Family
Spambox
BotNation
ControlEngineering
Lil Nib Worshippers
Current servers:
Family
Spambox
BotNation
ControlEngineering
Lil Nib Worshippers
Current servers:
Family
Spambox
BotNation
ControlEngineering
Lil Nib Worshippers
Current servers:
Family
Spambox
BotNation
ControlEngineering
Lil Nib Worshippers
Current servers:
Family
Spambox
BotNation
ControlEngineering
Lil Nib Worshippers
Current servers:
Family
Spambox
BotNation
ControlEngineering
Lil Nib Worshippers
Current servers:
Family
Spambox
BotNation
ControlEngineering
Lil Nib Worshippers
Current servers:
Family
Spambox
BotNation
ControlEngineering
Lil Nib Worshippers
Current servers:
Family
Spambox
BotNation
ControlEngineering
Lil Nib Worshippers
Current servers:
Family
Spambox
BotNation
ControlEngineering
Lil Nib Worshippers
Current servers:
Family
Spambox
BotNation
ControlEngineering
Lil Nib Worshippers
Current servers:
Family
Spambox
BotNation
ControlEngineering
Lil Nib Worshippers
Current servers:
Family
Spambox
BotNation
ControlEngineering
Lil Nib Worshippers
Current servers:
Family
Spambox
BotNation
ControlEngineering
Lil Nib Worshippers
Current servers:
Family
Spambox
BotNation
ControlEngineering
Lil Nib Worshippers
Current servers:
Family
Spambox
BotNation
ControlEngineering
Lil Nib Worshippers
Current servers:
Family
Spambox
BotNation
ControlEngineering
Lil Nib Worshippers
Current servers:
Family
Spambox
BotNation
ControlEngineering
Lil Nib Worshippers
Current servers:
Family
Spambox
BotNation
ControlEngineering
Lil Nib Worshippers
Current servers:
Family
Spambox
BotNation
ControlEngineering
Lil Nib Worshippers
Current servers:
Family
Spambox
BotNation
ControlEngineering
Lil Nib Worshippers
Current servers:
Family
Spambox
BotNation
ControlEngineering
Lil Nib Worshippers
Current servers:
Family
Spambox
BotNation
ControlEngineering
Lil Nib Worshippers
Current servers:
Family
Spambox
BotNation
ControlEngineering
Lil Nib Worshippers
Current servers:
Family
Spambox
BotNation
ControlEngineering
Lil Nib Worshippers
Current servers:
Family
Spambox
BotNation
ControlEngineering
Lil Nib Worshippers
Current servers:
Family
Spambox
BotNation
ControlEngineering
Lil Nib Worshippers
Current servers:
Family
Spambox
BotNation
ControlEngineering
Lil Nib Worshippers
Current servers:
Family
Spambox
BotNation
ControlEngineering
Lil Nib Worshippers
Current servers:
Family
Spambox
BotNation
ControlEngineering
Lil Nib Worshippers
Current servers:
Family
Spambox
BotNation
ControlEngineering
Lil Nib Worshippers
Current servers:
Family
Spambox
BotNation
ControlEngineering
Lil Nib Worshippers
Current servers:
Family
Spambox
BotNation
ControlEngineering
Lil Nib Worshippers
Current servers:
Family
Spambox
BotNation
ControlEngineering
Lil Nib Worshippers
Current servers:
Family
Spambox
BotNation
ControlEngineering
Lil Nib Worshippers
Current servers:
Family
Spambox
BotNation
ControlEngineering
Lil Nib Worshippers
Current servers:
Family
Spambox
BotNation
ControlEngineering
Lil Nib Worshippers
Current servers:
Family
Spambox
BotNation
ControlEngineering
Lil Nib Worshippers
Current servers:
Family
Spambox
BotNation
ControlEngineering
Lil Nib Worshippers
Current servers:
Family
Spambox
BotNation
ControlEngineering
Lil Nib Worshippers
Current servers:
Family
Spambox
BotNation
ControlEngineering
Lil Nib Worshippers
Current servers:
Family
Spambox
BotNation
ControlEngineering
Lil Nib Worshippers
Current servers:
Family
Spambox
BotNation
ControlEngineering
Lil Nib Worshippers
Current servers:
Family
Spambox
BotNation
ControlEngineering
Lil Nib Worshippers
Current servers:
Family
Spambox
BotNation
ControlEngineering
Lil Nib Worshippers
Current servers:
Family
Spambox
BotNation
ControlEngineering
Lil Nib Worshippers
Current servers:
Family
Spambox
BotNation
ControlEngineering
Lil Nib Worshippers
Current servers:
Family
Spambox
BotNation
ControlEngineering
Lil Nib Worshippers
Current servers:
Family
Spambox
BotNation
ControlEngineering
Lil Nib Worshippers
Current servers:
Family
Spambox
BotNation
ControlEngineering
Lil Nib Worshippers
Current servers:
Family
Spambox
BotNation
ControlEngineering
Lil Nib Worshippers
Current servers:
Family
Spambox
BotNation
ControlEngineering
Lil Nib Worshippers
Current servers:
Family
Spambox
BotNation
ControlEngineering
Lil Nib Worshippers
Current servers:
Family
Spambox
BotNation
ControlEngineering
Lil Nib Worshippers
Current servers:
Family
Spambox
BotNation
ControlEngineering
Lil Nib Worshippers
Current servers:
Family
Spambox
BotNation
ControlEngineering
Lil Nib Worshippers
Current servers:
Family
Spambox
BotNation
ControlEngineering
Lil Nib Worshippers
Current servers:
Family
Spambox
BotNation
ControlEngineering
Lil Nib Worshippers
Current servers:
Family
Spambox
BotNation
ControlEngineering
Lil Nib Worshippers
Current servers:
Family
Spambox
BotNation
ControlEngineering
Lil Nib Worshippers
Current servers:
Family
Spambox
BotNation
ControlEngineering
Lil Nib Worshippers
Current servers:
Family
Spambox
BotNation
ControlEngineering
Lil Nib Worshippers
Current servers:
Family
Spambox
BotNation
ControlEngineering
Lil Nib Worshippers
Current servers:
Family
Spambox
BotNation
ControlEngineering
Lil Nib Worshippers
Current servers:
Family
Spambox
BotNation
ControlEngineering
Lil Nib Worshippers
Current servers:
Family
Spambox
BotNation
ControlEngineering
Lil Nib Worshippers
Current servers:
Family
Spambox
BotNation
ControlEngineering
Lil Nib Worshippers
Current servers:
Family
Spambox
BotNation
ControlEngineering
Lil Nib Worshippers
Current servers:
Family
Spambox
BotNation
ControlEngineering
Lil Nib Worshippers
Current servers:
Family
Spambox
BotNation
ControlEngineering
Lil Nib Worshippers
Current servers:
Family
Spambox
BotNation
ControlEngineering
Lil Nib Worshippers
Current servers:
Family
Spambox
BotNation
ControlEngineering
Lil Nib Worshippers
Current servers:
Family
Spambox
BotNation
ControlEngineering
Lil Nib Worshippers
Current servers:
Family
Spambox
BotNation
ControlEngineering
Lil Nib Worshippers
Current servers:
Family
Spambox
BotNation
ControlEngineering
Lil Nib Worshippers
Current servers:
Family
Spambox
BotNation
ControlEngineering
Lil Nib Worshippers
Current servers:
Family
Spambox
BotNation
ControlEngineering
Lil Nib Worshippers
Current servers:
Family
Spambox
BotNation
ControlEngineering
Lil Nib Worshippers
Current servers:
Family
Spambox
BotNation
ControlEngineering
Lil Nib Worshippers
Current servers:
Family
Spambox
BotNation
ControlEngineering
Lil Nib Worshippers
Current servers:
Family
Spambox
BotNation
ControlEngineering
Lil Nib Worshippers
Current servers:
Family
Spambox
BotNation
ControlEngineering
Lil Nib Worshippers
Current servers:
Family
Spambox
BotNation
ControlEngineering
Lil Nib Worshippers
Current servers:
Family
Spambox
BotNation
ControlEngineering
Lil Nib Worshippers
Current servers:
Family
Spambox
BotNation
ControlEngineering
Lil Nib Worshippers
Current servers:
Family
Spambox
BotNation
ControlEngineering
Lil Nib Worshippers
Current servers:
Family
Spambox
BotNation
ControlEngineering
Lil Nib Worshippers
Current servers:
Family
Spambox
BotNation
ControlEngineering
Lil Nib Worshippers
Current servers:
Family
Spambox
BotNation
ControlEngineering
Lil Nib Worshippers
Current servers:
Family
Spambox
BotNation
ControlEngineering
Lil Nib Worshippers
Current servers:
Family
Spambox
BotNation
ControlEngineering
Lil Nib Worshippers
Current servers:
Family
Spambox
BotNation
ControlEngineering
Lil Nib Worshippers
Current servers:
Family
Spambox
BotNation
ControlEngineering
Lil Nib Worshippers
Current servers:
Family
Spambox
BotNation
ControlEngineering
Lil Nib Worshippers
Current servers:
Family
Spambox
BotNation
ControlEngineering
Lil Nib Worshippers
Current servers:
Family
Spambox
BotNation
ControlEngineering
Lil Nib Worshippers
Current servers:
Family
Spambox
BotNation
ControlEngineering
Lil Nib Worshippers
Current servers:
Family
Spambox
BotNation
ControlEngineering
Lil Nib Worshippers
Current servers:
Family
Spambox
BotNation
ControlEngineering
Lil Nib Worshippers
Current servers:
Family
Spambox
BotNation
ControlEngineering
Lil Nib Worshippers
Current servers:
Family
Spambox
BotNation
ControlEngineering
Lil Nib Worshippers
Current servers:
Family
Spambox
BotNation
ControlEngineering
Lil Nib Worshippers
Current servers:
Family
Spambox
BotNation
ControlEngineering
Lil Nib Worshippers
Current servers:
Family
Spambox
BotNation
ControlEngineering
Lil Nib Worshippers
Current servers:
Family
Spambox
BotNation
ControlEngineering
Lil Nib Worshippers
Current servers:
Family
Spambox
BotNation
ControlEngineering
Lil Nib Worshippers
Current servers:
Family
Spambox
BotNation
ControlEngineering
Lil Nib Worshippers
Current servers:
Family
Spambox
BotNation
ControlEngineering
Lil Nib Worshippers
Current servers:
Family
Spambox
BotNation
ControlEngineering
Lil Nib Worshippers
Current servers:
Family
Spambox
BotNation
ControlEngineering
Lil Nib Worshippers
Current servers:
Family
Spambox
BotNation
ControlEngineering
Lil Nib Worshippers
Current servers:
Family
Spambox
BotNation
ControlEngineering
Lil Nib Worshippers
Current servers:
Family
Spambox
BotNation
ControlEngineering
Lil Nib Worshippers
Current servers:
Family
Spambox
BotNation
ControlEngineering
Lil Nib Worshippers
Current servers:
Family
Spambox
BotNation
ControlEngineering
Lil Nib Worshippers
Current servers:
Family
Spambox
BotNation
ControlEngineering
Lil Nib Worshippers
Current servers:
Family
Spambox
BotNation
ControlEngineering
Lil Nib Worshippers
Current servers:
Family
Spambox
BotNation
ControlEngineering
Lil Nib Worshippers
Current servers:
Family
Spambox
BotNation
ControlEngineering
Lil Nib Worshippers
Current servers:
Family
Spambox
BotNation
ControlEngineering
Lil Nib Worshippers
Current servers:
Family
Spambox
BotNation
ControlEngineering
Lil Nib Worshippers
Current servers:
Family
Spambox
BotNation
ControlEngineering
Lil Nib Worshippers
Current servers:
Family
Spambox
BotNation
ControlEngineering
Lil Nib Worshippers
Current servers:
Family
Spambox
BotNation
ControlEngineering
Lil Nib Worshippers
Current servers:
Family
Spambox
BotNation
ControlEngineering
Lil Nib Worshippers
Current servers:
Family
Spambox
BotNation
ControlEngineering
Lil Nib Worshippers
Current servers:
Family
Spambox
BotNation
ControlEngineering
Lil Nib Worshippers
Current servers:
Family
Spambox
BotNation
ControlEngineering
Lil Nib Worshippers
Current servers:
Family
Spambox
BotNation
ControlEngineering
Lil Nib Worshippers
Current servers:
Family
Spambox
BotNation
ControlEngineering
Lil Nib Worshippers
Current servers:
Family
Spambox
BotNation
ControlEngineering
Lil Nib Worshippers
Current servers:
Family
Spambox
BotNation
ControlEngineering
Lil Nib Worshippers
Current servers:
Family
Spambox
BotNation
ControlEngineering
Lil Nib Worshippers
Current servers:
Family
Spambox
BotNation
ControlEngineering
Lil Nib Worshippers
Current servers:
Family
Spambox
BotNation
ControlEngineering
Lil Nib Worshippers
Current servers:
Family
Spambox
BotNation
ControlEngineering
Lil Nib Worshippers
Current servers:
Family
Spambox
BotNation
ControlEngineering
Lil Nib Worshippers
Current servers:
Family
Spambox
BotNation
ControlEngineering
Lil Nib Worshippers
Current servers:
Family
Spambox
BotNation
ControlEngineering
Lil Nib Worshippers
Current servers:
Family
Spambox
BotNation
ControlEngineering
Lil Nib Worshippers
Current servers:
Family
Spambox
BotNation
ControlEngineering
Lil Nib Worshippers
Current servers:
Family
Spambox
BotNation
ControlEngineering
Lil Nib Worshippers
Current servers:
Family
Spambox
BotNation
ControlEngineering
Lil Nib Worshippers
Current servers:
Family
Spambox
BotNation
ControlEngineering
Lil Nib Worshippers
Current servers:
Family
Spambox
BotNation
ControlEngineering
Lil Nib Worshippers
Current servers:
Family
Spambox
BotNation
ControlEngineering
Lil Nib Worshippers
Current servers:
Family
Spambox
BotNation
ControlEngineering
Lil Nib Worshippers
Current servers:
Family
Spambox
BotNation
ControlEngineering
Lil Nib Worshippers
Current servers:
Family
Spambox
BotNation
ControlEngineering
Lil Nib Worshippers
Current servers:
Family
Spambox
BotNation
ControlEngineering
Lil Nib Worshippers
Current servers:
Family
Spambox
BotNation
ControlEngineering
Lil Nib Worshippers
Current servers:
Family
Spambox
BotNation
ControlEngineering
Lil Nib Worshippers
Current servers:
Family
Spambox
BotNation
ControlEngineering
Lil Nib Worshippers
Current servers:
Family
Spambox
BotNation
ControlEngineering
Lil Nib Worshippers
Current servers:
Family
Spambox
BotNation
ControlEngineering
Lil Nib Worshippers
Current servers:
Family
Spambox
BotNation
ControlEngineering
Lil Nib Worshippers
Current servers:
Family
Spambox
BotNation
ControlEngineering
Lil Nib Worshippers
Current servers:
Family
Spambox
BotNation
ControlEngineering
Lil Nib Worshippers
Current servers:
Family
Spambox
BotNation
ControlEngineering
Lil Nib Worshippers
Current servers:
Family
Spambox
BotNation
ControlEngineering
Lil Nib Worshippers
Current servers:
Family
Spambox
BotNation
ControlEngineering
Lil Nib Worshippers
Current servers:
Family
Spambox
BotNation
ControlEngineering
Lil Nib Worshippers
Current servers:
Family
Spambox
BotNation
ControlEngineering
Lil Nib Worshippers
Current servers:
Family
Spambox
BotNation
ControlEngineering
Lil Nib Worshippers
Current servers:
Family
Spambox
BotNation
ControlEngineering
Lil Nib Worshippers
Current servers:
Family
Spambox
BotNation
ControlEngineering
Lil Nib Worshippers
Current servers:
Family
Spambox
BotNation
ControlEngineering
Lil Nib Worshippers
Current servers:
Family
Spambox
BotNation
ControlEngineering
Lil Nib Worshippers
Current servers:
Family
Spambox
BotNation
ControlEngineering
Lil Nib Worshippers
Current servers:
Family
Spambox
BotNation
ControlEngineering
Lil Nib Worshippers
Current servers:
Family
Spambox
BotNation
ControlEngineering
Lil Nib Worshippers
Current servers:
Family
Spambox
BotNation
ControlEngineering
Lil Nib Worshippers
Current servers:
Family
Spambox
BotNation
ControlEngineering
Lil Nib Worshippers
Current servers:
Family
Spambox
BotNation
ControlEngineering
Lil Nib Worshippers
Current servers:
Family
Spambox
BotNation
ControlEngineering
Lil Nib Worshippers
Current servers:
Family
Spambox
BotNation
ControlEngineering
Lil Nib Worshippers
Current servers:
Family
Spambox
BotNation
ControlEngineering
Lil Nib Worshippers
Current servers:
Family
Spambox
BotNation
ControlEngineering
Lil Nib Worshippers
Current servers:
Family
Spambox
BotNation
ControlEngineering
Lil Nib Worshippers
Current servers:
Family
Spambox
BotNation
ControlEngineering
Lil Nib Worshippers
Current servers:
Family
Spambox
BotNation
ControlEngineering
Lil Nib Worshippers
Current servers:
Family
Spambox
BotNation
ControlEngineering
Lil Nib Worshippers
Current servers:
Family
Spambox
BotNation
ControlEngineering
Lil Nib Worshippers
Current servers:
Family
Spambox
BotNation
ControlEngineering
Lil Nib Worshippers
Current servers:
Family
Spambox
BotNation
ControlEngineering
Lil Nib Worshippers
Current servers:
Family
Spambox
BotNation
ControlEngineering
Lil Nib Worshippers
Current servers:
Family
Spambox
BotNation
ControlEngineering
Lil Nib Worshippers
Current servers:
Family
Spambox
BotNation
ControlEngineering
Lil Nib Worshippers
Current servers:
Family
Spambox
BotNation
ControlEngineering
Lil Nib Worshippers
Current servers:
Family
Spambox
BotNation
ControlEngineering
Lil Nib Worshippers
Current servers:
Family
Spambox
BotNation
ControlEngineering
Lil Nib Worshippers
Current servers:
Family
Spambox
BotNation
ControlEngineering
Lil Nib Worshippers
Current servers:
Family
Spambox
BotNation
ControlEngineering
Lil Nib Worshippers
Current servers:
Family
Spambox
BotNation
ControlEngineering
Lil Nib Worshippers
Current servers:
Family
Spambox
BotNation
ControlEngineering
Lil Nib Worshippers
Current servers:
Family
Spambox
BotNation
ControlEngineering
Lil Nib Worshippers
Current servers:
Family
Spambox
BotNation
ControlEngineering
Lil Nib Worshippers
Current servers:
Family
Spambox
BotNation
ControlEngineering
Lil Nib Worshippers
Current servers:
Family
Spambox
BotNation
ControlEngineering
Lil Nib Worshippers
Current servers:
Family
Spambox
BotNation
ControlEngineering
Lil Nib Worshippers
Current servers:
Family
Spambox
BotNation
ControlEngineering
Lil Nib Worshippers
Current servers:
Family
Spambox
BotNation
ControlEngineering
Lil Nib Worshippers
Current servers:
Family
Spambox
BotNation
ControlEngineering
Lil Nib Worshippers
Current servers:
Family
Spambox
BotNation
ControlEngineering
Lil Nib Worshippers
Current servers:
Family
Spambox
BotNation
ControlEngineering
Lil Nib Worshippers
Current servers:
Family
Spambox
BotNation
ControlEngineering
Lil Nib Worshippers
Current servers:
Family
Spambox
BotNation
ControlEngineering
Lil Nib Worshippers
Current servers:
Family
Spambox
BotNation
ControlEngineering
Lil Nib Worshippers
Current servers:
Family
Spambox
BotNation
ControlEngineering
Lil Nib Worshippers
Current servers:
Family
Spambox
BotNation
ControlEngineering
Lil Nib Worshippers
Current servers:
Family
Spambox
BotNation
ControlEngineering
Lil Nib Worshippers
Current servers:
Family
Spambox
BotNation
ControlEngineering
Lil Nib Worshippers
Current servers:
Family
Spambox
BotNation
ControlEngineering
Lil Nib Worshippers
Current servers:
Family
Spambox
BotNation
ControlEngineering
Lil Nib Worshippers
Current servers:
Family
Spambox
BotNation
ControlEngineering
Lil Nib Worshippers
Current servers:
Family
Spambox
BotNation
ControlEngineering
Lil Nib Worshippers
Current servers:
Family
Spambox
BotNation
ControlEngineering
Lil Nib Worshippers
Current servers:
Family
Spambox
BotNation
ControlEngineering
Lil Nib Worshippers
Current servers:
Family
Spambox
BotNation
ControlEngineering
Lil Nib Worshippers
Current servers:
Family
Spambox
BotNation
ControlEngineering
Lil Nib Worshippers
Current servers:
Family
Spambox
BotNation
ControlEngineering
Lil Nib Worshippers
Current servers:
Family
Spambox
BotNation
ControlEngineering
Lil Nib Worshippers
Current servers:
Family
Spambox
BotNation
ControlEngineering
Lil Nib Worshippers
Current servers:
Family
Spambox
BotNation
ControlEngineering
Lil Nib Worshippers
Current servers:
Family
Spambox
BotNation
ControlEngineering
Lil Nib Worshippers
Current servers:
Family
Spambox
BotNation
ControlEngineering
Lil Nib Worshippers
Current servers:
Family
Spambox
BotNation
ControlEngineering
Lil Nib Worshippers
Current servers:
Family
Spambox
BotNation
ControlEngineering
Lil Nib Worshippers
Current servers:
Family
Spambox
BotNation
ControlEngineering
Lil Nib Worshippers
Current servers:
Family
Spambox
BotNation
ControlEngineering
Lil Nib Worshippers
Current servers:
Family
Spambox
BotNation
ControlEngineering
Lil Nib Worshippers
Current servers:
Family
Spambox
BotNation
ControlEngineering
Lil Nib Worshippers
Current servers:
Family
Spambox
BotNation
ControlEngineering
Lil Nib Worshippers
Current servers:
Family
Spambox
BotNation
ControlEngineering
Lil Nib Worshippers
Current servers:
Family
Spambox
BotNation
ControlEngineering
Lil Nib Worshippers
Current servers:
Family
Spambox
BotNation
ControlEngineering
Lil Nib Worshippers
Current servers:
Family
Spambox
BotNation
ControlEngineering
Lil Nib Worshippers
Current servers:
Family
Spambox
BotNation
ControlEngineering
Lil Nib Worshippers
Current servers:
Family
Spambox
BotNation
ControlEngineering
Lil Nib Worshippers
Current servers:
Family
Spambox
BotNation
ControlEngineering
Lil Nib Worshippers
Current servers:
Family
Spambox
BotNation
ControlEngineering
Lil Nib Worshippers
Current servers:
Family
Spambox
BotNation
ControlEngineering
Lil Nib Worshippers
Current servers:
Family
Spambox
BotNation
ControlEngineering
Lil Nib Worshippers
Current servers:
Family
Spambox
BotNation
ControlEngineering
Lil Nib Worshippers
Current servers:
Family
Spambox
BotNation
ControlEngineering
Lil Nib Worshippers
Current servers:
Family
Spambox
BotNation
ControlEngineering
Lil Nib Worshippers
Current servers:
Family
Spambox
BotNation
ControlEngineering
Lil Nib Worshippers
Current servers:
Family
Spambox
BotNation
ControlEngineering
Lil Nib Worshippers
Current servers:
Family
Spambox
BotNation
ControlEngineering
Lil Nib Worshippers
Current servers:
Family
Spambox
BotNation
ControlEngineering
Lil Nib Worshippers
Current servers:
Family
Spambox
BotNation
ControlEngineering
Lil Nib Worshippers
Current servers:
Family
Spambox
BotNation
ControlEngineering
Lil Nib Worshippers
Current servers:
Family
Spambox
BotNation
ControlEngineering
Lil Nib Worshippers
Current servers:
Family
Spambox
BotNation
ControlEngineering
Lil Nib Worshippers
Current servers:
Family
Spambox
BotNation
ControlEngineering
Lil Nib Worshippers
Current servers:
Family
Spambox
BotNation
ControlEngineering
Lil Nib Worshippers
Current servers:
Family
Spambox
BotNation
ControlEngineering
Lil Nib Worshippers
Current servers:
Family
Spambox
BotNation
ControlEngineering
Lil Nib Worshippers
Current servers:
Family
Spambox
BotNation
ControlEngineering
Lil Nib Worshippers
Current servers:
Family
Spambox
BotNation
ControlEngineering
Lil Nib Worshippers
Current servers:
Family
Spambox
BotNation
ControlEngineering
Lil Nib Worshippers
Current servers:
Family
Spambox
BotNation
ControlEngineering
Lil Nib Worshippers
Current servers:
Family
Spambox
BotNation
ControlEngineering
Lil Nib Worshippers
Current servers:
Family
Spambox
BotNation
ControlEngineering
Lil Nib Worshippers
Current servers:
Family
Spambox
BotNation
ControlEngineering
Lil Nib Worshippers
Current servers:
Family
Spambox
BotNation
ControlEngineering
Lil Nib Worshippers
Current servers:
Family
Spambox
BotNation
ControlEngineering
Lil Nib Worshippers
Current servers:
Family
Spambox
BotNation
ControlEngineering
Lil Nib Worshippers
Current servers:
Family
SpamboxIgnoring exception in command None
discord.ext.commands.errors.CommandNotFound: Command "isglasstoodrunk" is not found
Ignoring exception in command None
discord.ext.commands.errors.CommandNotFound: Command "same" is not found
Ignoring exception in command None
discord.ext.commands.errors.CommandNotFound: Command "???" is not found

BotNation
ControlEngineering
Lil Nib Worshippers
Current servers:
Family
Spambox
BotNation
ControlEngineering
Lil Nib Worshippers
Current servers:
Family
Spambox
BotNation
ControlEngineering
Lil Nib Worshippers
Current servers:
Family
Spambox
BotNation
ControlEngineering
Lil Nib Worshippers
Current servers:
Family
Spambox
BotNation
ControlEngineering
Lil Nib Worshippers
Current servers:
Family
Spambox
BotNation
ControlEngineering
Lil Nib Worshippers
Current servers:
Family
Spambox
BotNation
ControlEngineering
Lil Nib Worshippers
Current servers:
Family
Spambox
BotNation
ControlEngineering
Lil Nib Worshippers
Current servers:
Family
Spambox
BotNation
ControlEngineering
Lil Nib Worshippers
Current servers:
Family
Spambox
BotNation
ControlEngineering
Lil Nib Worshippers
Current servers:
Family
Spambox
BotNation
ControlEngineering
Lil Nib Worshippers
Current servers:
Family
Spambox
BotNation
ControlEngineering
Lil Nib Worshippers
Current servers:
Family
Spambox
BotNation
ControlEngineering
Lil Nib Worshippers
Current servers:
Family
Spambox
BotNation
ControlEngineering
Lil Nib Worshippers
Current servers:
Family
Spambox
BotNation
ControlEngineering
Lil Nib Worshippers
Current servers:
Family
Spambox
BotNation
ControlEngineering
Lil Nib Worshippers
Current servers:
Family
Spambox
BotNation
ControlEngineering
Lil Nib Worshippers
Current servers:
Family
Spambox
BotNation
ControlEngineering
Lil Nib Worshippers
Current servers:
Family
Spambox
BotNation
ControlEngineering
Lil Nib Worshippers
Current servers:
Family
Spambox
BotNation
ControlEngineering
Lil Nib Worshippers
Current servers:
Family
Spambox
BotNation
ControlEngineering
Lil Nib Worshippers
Current servers:
Family
Spambox
BotNation
ControlEngineering
Lil Nib Worshippers
Current servers:
Family
Spambox
BotNation
ControlEngineering
Lil Nib Worshippers
Current servers:
Family
Spambox
BotNation
ControlEngineering
Lil Nib Worshippers
Current servers:
Family
Spambox
BotNation
ControlEngineering
Lil Nib Worshippers
Current servers:
Family
Spambox
BotNation
ControlEngineering
Lil Nib Worshippers
Current servers:
Family
Spambox
BotNation
ControlEngineering
Lil Nib Worshippers
Current servers:
Family
Spambox
BotNation
ControlEngineering
Lil Nib Worshippers
Current servers:
Family
Spambox
BotNation
ControlEngineering
Lil Nib Worshippers
Current servers:
Family
Spambox
BotNation
ControlEngineering
Lil Nib Worshippers
Current servers:
Family
Spambox
BotNation
ControlEngineering
Lil Nib Worshippers
Current servers:
Family
Spambox
BotNation
ControlEngineering
Lil Nib Worshippers
Current servers:
Family
Spambox
BotNation
ControlEngineering
Lil Nib Worshippers
Current servers:
Family
Spambox
BotNation
ControlEngineering
Lil Nib Worshippers
Current servers:
Family
Spambox
BotNation
ControlEngineering
Lil Nib Worshippers
Current servers:
Family
Spambox
BotNation
ControlEngineering
Lil Nib Worshippers
Current servers:
Family
Spambox
BotNation
ControlEngineering
Lil Nib Worshippers
Current servers:
Family
Spambox
BotNation
ControlEngineering
Lil Nib Worshippers
Current servers:
Family
Spambox
BotNation
ControlEngineering
Lil Nib Worshippers
Current servers:
Family
Spambox
BotNation
ControlEngineering
Lil Nib Worshippers
Current servers:
Family
Spambox
BotNation
ControlEngineering
Lil Nib Worshippers
Current servers:
Family
Spambox
BotNation
ControlEngineering
Lil Nib Worshippers
Current servers:
Family
Spambox
BotNation
ControlEngineering
Lil Nib Worshippers
Current servers:
Family
Spambox
BotNation
ControlEngineering
Lil Nib Worshippers
Current servers:
Family
Spambox
BotNation
ControlEngineering
Lil Nib Worshippers
Current servers:
Family
Spambox
BotNation
ControlEngineering
Lil Nib Worshippers
Current servers:
Family
Spambox
BotNation
ControlEngineering
Lil Nib Worshippers
Current servers:
Family
Spambox
BotNation
ControlEngineering
Lil Nib Worshippers
Current servers:
Family
Spambox
BotNation
ControlEngineering
Lil Nib Worshippers
Current servers:
Family
Spambox
BotNation
ControlEngineering
Lil Nib Worshippers
Current servers:
Family
Spambox
BotNation
ControlEngineering
Lil Nib Worshippers
Current servers:
Family
Spambox
BotNation
ControlEngineering
Lil Nib Worshippers
Current servers:
Family
Spambox
BotNation
ControlEngineering
Lil Nib Worshippers
Current servers:
Family
Spambox
BotNation
ControlEngineering
Lil Nib Worshippers
Current servers:
Family
Spambox
BotNation
ControlEngineering
Lil Nib Worshippers
Current servers:
Family
Spambox
BotNation
ControlEngineering
Lil Nib Worshippers
Current servers:
Family
Spambox
BotNation
ControlEngineering
Lil Nib Worshippers
Current servers:
Family
Spambox
BotNation
ControlEngineering
Lil Nib Worshippers
Current servers:
Family
Spambox
BotNation
ControlEngineering
Lil Nib Worshippers
Current servers:
Family
Spambox
BotNation
ControlEngineering
Lil Nib Worshippers
Current servers:
Family
Spambox
BotNation
ControlEngineering
Lil Nib Worshippers
Current servers:
Family
Spambox
BotNation
ControlEngineering
Lil Nib Worshippers
Current servers:
Family
Spambox
BotNation
ControlEngineering
Lil Nib Worshippers
Current servers:
Family
Spambox
BotNation
ControlEngineering
Lil Nib Worshippers
Current servers:
Family
Spambox
BotNation
ControlEngineering
Lil Nib Worshippers
Current servers:
Family
Spambox
BotNation
ControlEngineering
Lil Nib Worshippers
Current servers:
Family
Spambox
BotNation
ControlEngineering
Lil Nib Worshippers
Current servers:
Family
Spambox
BotNation
ControlEngineering
Lil Nib Worshippers
Current servers:
Family
Spambox
BotNation
ControlEngineering
Lil Nib Worshippers
Current servers:
Family
Spambox
BotNation
ControlEngineering
Lil Nib Worshippers
Current servers:
Family
Spambox
BotNation
ControlEngineering
Lil Nib Worshippers
Current servers:
Family
Spambox
BotNation
ControlEngineering
Lil Nib Worshippers
Current servers:
Family
Spambox
BotNation
ControlEngineering
Lil Nib Worshippers
Current servers:
Family
Spambox
BotNation
ControlEngineering
Lil Nib Worshippers
Current servers:
Family
Spambox
BotNation
ControlEngineering
Lil Nib Worshippers
Current servers:
Family
Spambox
BotNation
ControlEngineering
Lil Nib Worshippers
Current servers:
Family
Spambox
BotNation
ControlEngineering
Lil Nib Worshippers
Current servers:
Family
Spambox
BotNation
ControlEngineering
Lil Nib Worshippers
Current servers:
Family
Spambox
BotNation
ControlEngineering
Lil Nib Worshippers
Current servers:
Family
Spambox
BotNation
ControlEngineering
Lil Nib Worshippers
Current servers:
Family
Spambox
BotNation
ControlEngineering
Lil Nib Worshippers
Current servers:
Family
Spambox
BotNation
ControlEngineering
Lil Nib Worshippers
Current servers:
Family
Spambox
BotNation
ControlEngineering
Lil Nib Worshippers
Current servers:
Family
Spambox
BotNation
ControlEngineering
Lil Nib Worshippers
Current servers:
Family
Spambox
BotNation
ControlEngineering
Lil Nib Worshippers
Current servers:
Family
Spambox
BotNation
ControlEngineering
Lil Nib Worshippers
Current servers:
Family
Spambox
BotNation
ControlEngineering
Lil Nib Worshippers
Current servers:
Family
Spambox
BotNation
ControlEngineering
Lil Nib Worshippers
Current servers:
Family
Spambox
BotNation
ControlEngineering
Lil Nib Worshippers
Current servers:
Family
Spambox
BotNation
ControlEngineering
Lil Nib Worshippers
Current servers:
Family
Spambox
BotNation
ControlEngineering
Lil Nib Worshippers
Current servers:
Family
Spambox
BotNation
ControlEngineering
Lil Nib Worshippers
Current servers:
Family
Spambox
BotNation
ControlEngineering
Lil Nib Worshippers
Current servers:
Family
Spambox
BotNation
ControlEngineering
Lil Nib Worshippers
Current servers:
Family
Spambox
BotNation
ControlEngineering
Lil Nib Worshippers
Current servers:
Family
Spambox
BotNation
ControlEngineering
Lil Nib Worshippers
Current servers:
Family
Spambox
BotNation
ControlEngineering
Lil Nib Worshippers
Current servers:
Family
Spambox
BotNation
ControlEngineering
Lil Nib Worshippers
Current servers:
Family
Spambox
BotNation
ControlEngineering
Lil Nib Worshippers
Current servers:
Family
Spambox
BotNation
ControlEngineering
Lil Nib Worshippers
Current servers:
Family
Spambox
BotNation
ControlEngineering
Lil Nib Worshippers
Current servers:
Family
Spambox
BotNation
ControlEngineering
Lil Nib Worshippers
Current servers:
Family
Spambox
BotNation
ControlEngineering
Lil Nib Worshippers
Current servers:
Family
Spambox
BotNation
ControlEngineering
Lil Nib Worshippers
Current servers:
Family
Spambox
BotNation
ControlEngineering
Lil Nib Worshippers
Current servers:
Family
Spambox
BotNation
ControlEngineering
Lil Nib Worshippers
Current servers:
Family
Spambox
BotNation
ControlEngineering
Lil Nib Worshippers
Current servers:
Family
Spambox
BotNation
ControlEngineering
Lil Nib Worshippers
Current servers:
Family
Spambox
BotNation
ControlEngineering
Lil Nib Worshippers
Current servers:
Family
Spambox
BotNation
ControlEngineering
Lil Nib Worshippers
Current servers:
Family
Spambox
BotNation
ControlEngineering
Lil Nib Worshippers
Current servers:
Family
Spambox
BotNation
ControlEngineering
Lil Nib Worshippers
Current servers:
Family
Spambox
BotNation
ControlEngineering
Lil Nib Worshippers
Current servers:
Family
Spambox
BotNation
ControlEngineering
Lil Nib Worshippers
Current servers:
Family
Spambox
BotNation
ControlEngineering
Lil Nib Worshippers
Current servers:
Family
Spambox
BotNation
ControlEngineering
Lil Nib Worshippers
Current servers:
Family
Spambox
BotNation
ControlEngineering
Lil Nib Worshippers
Current servers:
Family
Spambox
BotNation
ControlEngineering
Lil Nib Worshippers
Current servers:
Family
Spambox
BotNation
ControlEngineering
Lil Nib Worshippers
Current servers:
Family
Spambox
BotNation
ControlEngineering
Lil Nib Worshippers
Current servers:
Family
Spambox
BotNation
ControlEngineering
Lil Nib Worshippers
Current servers:
Family
Spambox
BotNation
ControlEngineering
Lil Nib Worshippers
Current servers:
Family
Spambox
BotNation
ControlEngineering
Lil Nib Worshippers
Current servers:
Family
Spambox
BotNation
ControlEngineering
Lil Nib Worshippers
Current servers:
Family
Spambox
BotNation
ControlEngineering
Lil Nib Worshippers
Current servers:
Family
Spambox
BotNation
ControlEngineering
Lil Nib Worshippers
Current servers:
Family
Spambox
BotNation
ControlEngineering
Lil Nib Worshippers
Current servers:
Family
Spambox
BotNation
ControlEngineering
Lil Nib Worshippers
Current servers:
Family
Spambox
BotNation
ControlEngineering
Lil Nib Worshippers
Current servers:
Family
Spambox
BotNation
ControlEngineering
Lil Nib Worshippers
Current servers:
Family
Spambox
BotNation
ControlEngineering
Lil Nib Worshippers
Current servers:
Family
Spambox
BotNation
ControlEngineering
Lil Nib Worshippers
Current servers:
Family
Spambox
BotNation
ControlEngineering
Lil Nib Worshippers
Current servers:
Family
Spambox
BotNation
ControlEngineering
Lil Nib Worshippers
Current servers:
Family
Spambox
BotNation
ControlEngineering
Lil Nib Worshippers
Current servers:
Family
Spambox
BotNation
ControlEngineering
Lil Nib Worshippers
Current servers:
Family
Spambox
BotNation
ControlEngineering
Lil Nib Worshippers
Current servers:
Family
Spambox
BotNation
ControlEngineering
Lil Nib Worshippers
Current servers:
Family
Spambox
BotNation
ControlEngineering
Lil Nib Worshippers
Current servers:
Family
Spambox
BotNation
ControlEngineering
Lil Nib Worshippers
Current servers:
Family
Spambox
BotNation
ControlEngineering
Lil Nib Worshippers
Current servers:
Family
Spambox
BotNation
ControlEngineering
Lil Nib Worshippers
Current servers:
Family
Spambox
BotNation
ControlEngineering
Lil Nib Worshippers
Current servers:
Family
Spambox
BotNation
ControlEngineering
Lil Nib Worshippers
Current servers:
Family
Spambox
BotNation
ControlEngineering
Lil Nib Worshippers
Current servers:
Family
Spambox
BotNation
ControlEngineering
Lil Nib Worshippers
Current servers:
Family
Spambox
BotNation
ControlEngineering
Lil Nib Worshippers
Current servers:
Family
Spambox
BotNation
ControlEngineering
Lil Nib Worshippers
Current servers:
Family
Spambox
BotNation
ControlEngineering
Lil Nib Worshippers
Current servers:
Family
Spambox
BotNation
ControlEngineering
Lil Nib Worshippers
Current servers:
Family
Spambox
BotNation
ControlEngineering
Lil Nib Worshippers
Current servers:
Family
Spambox
BotNation
ControlEngineering
Lil Nib Worshippers
Current servers:
Family
Spambox
BotNation
ControlEngineering
Lil Nib Worshippers
Current servers:
Family
Spambox
BotNation
ControlEngineering
Lil Nib Worshippers
Current servers:
Family
Spambox
BotNation
ControlEngineering
Lil Nib Worshippers
Current servers:
Family
Spambox
BotNation
ControlEngineering
Lil Nib Worshippers
Current servers:
Family
Spambox
BotNation
ControlEngineering
Lil Nib Worshippers
Current servers:
Family
Spambox
BotNation
ControlEngineering
Lil Nib Worshippers
Current servers:
Family
Spambox
BotNation
ControlEngineering
Lil Nib Worshippers
Current servers:
Family
Spambox
BotNation
ControlEngineering
Lil Nib Worshippers
Current servers:
Family
Spambox
BotNation
ControlEngineering
Lil Nib Worshippers
Current servers:
Family
Spambox
BotNation
ControlEngineering
Lil Nib Worshippers
Current servers:
Family
Spambox
BotNation
ControlEngineering
Lil Nib Worshippers
Current servers:
Family
Spambox
BotNation
ControlEngineering
Lil Nib Worshippers
Current servers:
Family
Spambox
BotNation
ControlEngineering
Lil Nib Worshippers
Current servers:
Family
Spambox
BotNation
ControlEngineering
Lil Nib Worshippers
Current servers:
Family
Spambox
BotNation
ControlEngineering
Lil Nib Worshippers
Current servers:
Family
Spambox
BotNation
ControlEngineering
Lil Nib Worshippers
Current servers:
Family
Spambox
BotNation
ControlEngineering
Lil Nib Worshippers
Current servers:
Family
Spambox
BotNation
ControlEngineering
Lil Nib Worshippers
Current servers:
Family
Spambox
BotNation
ControlEngineering
Lil Nib Worshippers
Current servers:
Family
Spambox
BotNation
ControlEngineering
Lil Nib Worshippers
Current servers:
Family
Spambox
BotNation
ControlEngineering
Lil Nib Worshippers
Current servers:
Family
Spambox
BotNation
ControlEngineering
Lil Nib Worshippers
Current servers:
Family
Spambox
BotNation
ControlEngineering
Lil Nib Worshippers
Current servers:
Family
Spambox
BotNation
ControlEngineering
Lil Nib Worshippers
Current servers:
Family
Spambox
BotNation
ControlEngineering
Lil Nib Worshippers
Current servers:
Family
Spambox
BotNation
ControlEngineering
Lil Nib Worshippers
Current servers:
Family
Spambox
BotNation
ControlEngineering
Lil Nib Worshippers
Current servers:
Family
Spambox
BotNation
ControlEngineering
Lil Nib Worshippers
Current servers:
Family
Spambox
BotNation
ControlEngineering
Lil Nib Worshippers
Current servers:
Family
Spambox
BotNation
ControlEngineering
Lil Nib Worshippers
Task was destroyed but it is pending!
task: <Task pending coro=<_run_event() done, defined at /usr/local/lib/python3.5/dist-packages/discord/client.py:304> wait_for=<Future pending cb=[BaseSelectorEventLoop._sock_connect_done(8)(), Task._wakeup()]>>
Task was destroyed but it is pending!
task: <Task pending coro=<list_servers() running at Falconbot.py:431> wait_for=<Future pending cb=[Task._wakeup()]>>
/falconshare/FalconBot
Current servers:
Lil Nib Worshippers
ControlEngineering
BotNation
Family
Spambox
Logged in as FalconBot
Task was destroyed but it is pending!
task: <Task pending coro=<_run_event() running at /usr/local/lib/python3.5/dist-packages/discord/client.py:307> wait_for=<Future pending cb=[BaseSelectorEventLoop._sock_connect_done(8)(), Task._wakeup()]>>
Task was destroyed but it is pending!
task: <Task pending coro=<list_servers() running at Falconbot.py:431> wait_for=<Future pending cb=[Task._wakeup()]>>
